[0mGET / [32m200 [0m130.034 ms - 8613[0m
[0mGET /js/home_post_comments.js [33m404 [0m10.007 ms - 163[0m
[0mGET /js/home_posts.js [33m404 [0m3.841 ms - 155[0m
[0mGET /js/toggle_likes.js [33m404 [0m4.471 ms - 157[0m
[0mGET /js/chat_engine.js [33m404 [0m2.789 ms - 156[0m
[0mGET /favicon.ico [33m404 [0m1.522 ms - 150[0m
[0mGET /users/profile/639ee911dffaca3f24b0b1cf [36m302 [0m15.777 ms - 72[0m
[0mGET /users/sign-in [32m200 [0m9.996 ms - 2095[0m
[0mGET /users/css/header.css [33m404 [0m8.736 ms - 159[0m
[0mGET /users/css/layout.css [33m404 [0m8.748 ms - 159[0m
[0mGET /users/css/footer.css [33m404 [0m13.816 ms - 159[0m
[0mGET /users/css/layout.css [33m404 [0m2.646 ms - 159[0m
[0mGET /users/css/header.css [33m404 [0m3.264 ms - 159[0m
[0mPOST /users/create-session [36m302 [0m5.550 ms - 46[0m
[0mGET / [32m200 [0m18.641 ms - 14133[0m
[0mGET /css/layout.css [33m404 [0m12.227 ms - 153[0m
[0mGET /js/toggle_likes.js [33m404 [0m14.037 ms - 157[0m
[0mGET /css/header.css [33m404 [0m12.478 ms - 153[0m
[0mGET /css/home.css [33m404 [0m14.579 ms - 151[0m
[0mGET /css/chat_box.css [33m404 [0m14.291 ms - 155[0m
[0mGET /css/footer.css [33m404 [0m19.531 ms - 153[0m
[0mGET /js/chat_engine.js [33m404 [0m15.363 ms - 156[0m
[0mGET /js/home_post_comments.js [33m404 [0m12.545 ms - 163[0m
[0mGET /js/home_posts.js [33m404 [0m6.980 ms - 155[0m
[0mGET /css/layout.css [33m404 [0m20.028 ms - 153[0m
[0mGET /css/header.css [33m404 [0m19.451 ms - 153[0m
[0mGET /css/footer.css [33m404 [0m19.347 ms - 153[0m
[0mGET /css/home.css [33m404 [0m19.538 ms - 151[0m
[0mGET /css/chat_box.css [33m404 [0m20.116 ms - 155[0m
[0mGET /users/sign-out [36m302 [0m4.455 ms - 46[0m
[0mGET / [32m200 [0m15.470 ms - 8902[0m
[0mGET /css/layout.css [33m404 [0m9.921 ms - 153[0m
[0mGET /js/toggle_likes.js [33m404 [0m5.329 ms - 157[0m
[0mGET /css/header.css [33m404 [0m12.466 ms - 153[0m
[0mGET /css/home.css [33m404 [0m12.755 ms - 151[0m
[0mGET /css/footer.css [33m404 [0m12.877 ms - 153[0m
[0mGET /js/home_post_comments.js [33m404 [0m11.828 ms - 163[0m
[0mGET /css/chat_box.css [33m404 [0m9.223 ms - 155[0m
[0mGET /js/home_posts.js [33m404 [0m8.620 ms - 155[0m
[0mGET /js/chat_engine.js [33m404 [0m8.078 ms - 156[0m
[0mGET / [32m200 [0m16.510 ms - 8613[0m
[0mGET /css/layout.css [33m404 [0m6.721 ms - 153[0m
[0mGET /js/home_post_comments.js [33m404 [0m4.761 ms - 163[0m
[0mGET /css/home.css [33m404 [0m8.610 ms - 151[0m
[0mGET /css/header.css [33m404 [0m8.658 ms - 153[0m
[0mGET /css/footer.css [33m404 [0m10.122 ms - 153[0m
[0mGET /js/home_posts.js [33m404 [0m12.352 ms - 155[0m
[0mGET /css/chat_box.css [33m404 [0m12.702 ms - 155[0m
[0mGET /js/toggle_likes.js [33m404 [0m5.054 ms - 157[0m
[0mGET /js/chat_engine.js [33m404 [0m3.007 ms - 156[0m
[0mGET / [36m304 [0m19.243 ms - -[0m
[0mGET /css/layout.css [33m404 [0m3.708 ms - 153[0m
[0mGET /js/home_post_comments.js [33m404 [0m11.634 ms - 163[0m
[0mGET /css/home.css [33m404 [0m6.913 ms - 151[0m
[0mGET /css/header.css [33m404 [0m8.843 ms - 153[0m
[0mGET /css/chat_box.css [33m404 [0m7.988 ms - 155[0m
[0mGET /css/footer.css [33m404 [0m10.208 ms - 153[0m
[0mGET /js/home_posts.js [33m404 [0m6.559 ms - 155[0m
[0mGET /js/toggle_likes.js [33m404 [0m6.842 ms - 157[0m
[0mGET /js/chat_engine.js [33m404 [0m5.576 ms - 156[0m
[0mGET /users/profile [33m404 [0m1.536 ms - 152[0m
[0mGET /users/sign-in [36m304 [0m3.253 ms - -[0m
[0mGET /users/css/layout.css [33m404 [0m4.120 ms - 159[0m
[0mGET /users/css/header.css [33m404 [0m2.981 ms - 159[0m
[0mGET /users/css/footer.css [33m404 [0m2.806 ms - 159[0m
[0mPOST /users/create-session [36m302 [0m4.678 ms - 46[0m
[0mGET / [32m200 [0m17.586 ms - 13709[0m
[0mGET /css/layout.css [33m404 [0m3.870 ms - 153[0m
[0mGET /js/home_post_comments.js [33m404 [0m17.661 ms - 163[0m
[0mGET /js/home_posts.js [33m404 [0m16.931 ms - 155[0m
[0mGET /css/header.css [33m404 [0m16.870 ms - 153[0m
[0mGET /css/footer.css [33m404 [0m16.321 ms - 153[0m
[0mGET /css/home.css [33m404 [0m12.759 ms - 151[0m
[0mGET /css/chat_box.css [33m404 [0m11.443 ms - 155[0m
[0mGET /js/toggle_likes.js [33m404 [0m8.626 ms - 157[0m
[0mGET /js/chat_engine.js [33m404 [0m9.053 ms - 156[0m
[0mGET / [32m200 [0m44.894 ms - 13418[0m
[0mGET /js/home_post_comments.js [33m404 [0m16.771 ms - 163[0m
[0mGET /js/home_posts.js [33m404 [0m15.380 ms - 155[0m
[0mGET /js/toggle_likes.js [33m404 [0m15.240 ms - 157[0m
[0mGET /js/chat_engine.js [33m404 [0m14.595 ms - 156[0m
[0mGET /js/home_post_comments.js [33m404 [0m14.934 ms - 163[0m
[0mGET /css/layout.css [33m404 [0m12.311 ms - 153[0m
[0mGET /css/header.css [33m404 [0m21.161 ms - 153[0m
[0mGET /css/footer.css [33m404 [0m21.614 ms - 153[0m
[0mGET /css/home.css [33m404 [0m21.812 ms - 151[0m
[0mGET /css/chat_box.css [33m404 [0m29.439 ms - 155[0m
[0mGET /js/home_posts.js [33m404 [0m14.443 ms - 155[0m
[0mGET /js/toggle_likes.js [33m404 [0m12.258 ms - 157[0m
[0mGET /js/chat_engine.js [33m404 [0m9.430 ms - 156[0m
[0mGET /users/sign-out [36m302 [0m6.772 ms - 46[0m
[0mGET / [32m200 [0m15.467 ms - 8902[0m
[0mGET /js/home_post_comments.js [33m404 [0m7.185 ms - 163[0m
[0mGET /css/layout.css [33m404 [0m6.298 ms - 153[0m
[0mGET /css/header.css [33m404 [0m8.218 ms - 153[0m
[0mGET /css/home.css [33m404 [0m8.876 ms - 151[0m
[0mGET /css/chat_box.css [33m404 [0m5.335 ms - 155[0m
[0mGET /css/footer.css [33m404 [0m11.187 ms - 153[0m
[0mGET /js/home_posts.js [33m404 [0m2.605 ms - 155[0m
[0mGET /js/toggle_likes.js [33m404 [0m2.752 ms - 157[0m
[0mGET /js/chat_engine.js [33m404 [0m3.518 ms - 156[0m
[0mGET /users/sign-in [36m304 [0m4.104 ms - -[0m
[0mGET /users/css/layout.css [33m404 [0m3.231 ms - 159[0m
[0mGET /users/css/header.css [33m404 [0m6.072 ms - 159[0m
[0mGET /users/css/footer.css [33m404 [0m7.090 ms - 159[0m
[0mPOST /users/create-session [36m302 [0m3.368 ms - 46[0m
[0mGET / [32m200 [0m15.890 ms - 14133[0m
[0mGET /css/layout.css [33m404 [0m14.106 ms - 153[0m
[0mGET /js/home_post_comments.js [33m404 [0m16.102 ms - 163[0m
[0mGET /css/header.css [33m404 [0m13.568 ms - 153[0m
[0mGET /css/home.css [33m404 [0m14.459 ms - 151[0m
[0mGET /css/footer.css [33m404 [0m15.231 ms - 153[0m
[0mGET /css/chat_box.css [33m404 [0m12.740 ms - 155[0m
[0mGET /js/home_posts.js [33m404 [0m13.396 ms - 155[0m
[0mGET /js/toggle_likes.js [33m404 [0m5.602 ms - 157[0m
[0mGET /js/chat_engine.js [33m404 [0m6.111 ms - 156[0m
[0mGET / [32m200 [0m19.906 ms - 13842[0m
[0mGET /js/home_post_comments.js [33m404 [0m16.063 ms - 163[0m
[0mGET /css/chat_box.css [33m404 [0m8.240 ms - 155[0m
[0mGET /css/layout.css [33m404 [0m15.932 ms - 153[0m
[0mGET /css/header.css [33m404 [0m15.480 ms - 153[0m
[0mGET /css/home.css [33m404 [0m12.486 ms - 151[0m
[0mGET /css/footer.css [33m404 [0m15.977 ms - 153[0m
[0mGET /js/toggle_likes.js [33m404 [0m4.835 ms - 157[0m
[0mGET /js/home_posts.js [33m404 [0m5.119 ms - 155[0m
[0mGET /js/chat_engine.js [33m404 [0m5.875 ms - 156[0m
[0mGET / [36m304 [0m19.544 ms - -[0m
[0mGET /css/layout.css [33m404 [0m13.231 ms - 153[0m
[0mGET /js/home_post_comments.js [33m404 [0m14.945 ms - 163[0m
[0mGET /css/footer.css [33m404 [0m13.918 ms - 153[0m
[0mGET /css/header.css [33m404 [0m14.116 ms - 153[0m
[0mGET /css/chat_box.css [33m404 [0m14.540 ms - 155[0m
[0mGET /css/home.css [33m404 [0m16.540 ms - 151[0m
[0mGET /js/home_posts.js [33m404 [0m24.364 ms - 155[0m
[0mGET /js/toggle_likes.js [33m404 [0m11.859 ms - 157[0m
[0mGET /js/chat_engine.js [33m404 [0m13.764 ms - 156[0m
[0mGET / [36m304 [0m15.872 ms - -[0m
[0mGET /css/layout.css [33m404 [0m14.639 ms - 153[0m
[0mGET /js/home_post_comments.js [33m404 [0m14.713 ms - 163[0m
[0mGET /css/header.css [33m404 [0m17.824 ms - 153[0m
[0mGET /css/footer.css [33m404 [0m16.133 ms - 153[0m
[0mGET /css/chat_box.css [33m404 [0m18.802 ms - 155[0m
[0mGET /css/home.css [33m404 [0m19.004 ms - 151[0m
[0mGET /js/home_posts.js [33m404 [0m15.773 ms - 155[0m
[0mGET /js/toggle_likes.js [33m404 [0m10.143 ms - 157[0m
[0mGET /js/chat_engine.js [33m404 [0m9.159 ms - 156[0m
[0mGET / [36m304 [0m17.862 ms - -[0m
[0mGET /css/layout.css [33m404 [0m17.644 ms - 153[0m
[0mGET /js/home_post_comments.js [33m404 [0m19.715 ms - 163[0m
[0mGET /css/header.css [33m404 [0m22.656 ms - 153[0m
[0mGET /css/chat_box.css [33m404 [0m20.183 ms - 155[0m
[0mGET /css/footer.css [33m404 [0m17.799 ms - 153[0m
[0mGET /css/home.css [33m404 [0m19.150 ms - 151[0m
[0mGET /js/home_posts.js [33m404 [0m13.026 ms - 155[0m
[0mGET /js/toggle_likes.js [33m404 [0m6.542 ms - 157[0m
[0mGET /js/chat_engine.js [33m404 [0m6.419 ms - 156[0m
[0mGET /js/home_post_comments.js [33m404 [0m13.949 ms - 163[0m
[0mGET /css/layout.css [33m404 [0m12.954 ms - 153[0m
[0mGET /css/header.css [33m404 [0m14.491 ms - 153[0m
[0mGET /css/chat_box.css [33m404 [0m10.078 ms - 155[0m
[0mGET /css/home.css [33m404 [0m12.392 ms - 151[0m
[0mGET /css/footer.css [33m404 [0m13.755 ms - 153[0m
[0mGET /js/home_posts.js [33m404 [0m8.386 ms - 155[0m
[0mGET /js/toggle_likes.js [33m404 [0m6.638 ms - 157[0m
[0mGET /js/chat_engine.js [33m404 [0m7.685 ms - 156[0m
[0mGET / [36m304 [0m14.939 ms - -[0m
[0mGET /css/layout.css [33m404 [0m12.395 ms - 153[0m
[0mGET /js/home_post_comments.js [33m404 [0m13.555 ms - 163[0m
[0mGET /css/header.css [33m404 [0m16.002 ms - 153[0m
[0mGET /css/home.css [33m404 [0m13.030 ms - 151[0m
[0mGET /css/footer.css [33m404 [0m15.319 ms - 153[0m
[0mGET /css/chat_box.css [33m404 [0m15.411 ms - 155[0m
[0mGET /js/home_posts.js [33m404 [0m15.076 ms - 155[0m
[0mGET /js/toggle_likes.js [33m404 [0m9.659 ms - 157[0m
[0mGET /js/chat_engine.js [33m404 [0m6.003 ms - 156[0m
[0mGET / [36m304 [0m46.123 ms - -[0m
[0mGET /js/home_post_comments.js [33m404 [0m10.078 ms - 163[0m
[0mGET /js/toggle_likes.js [33m404 [0m14.180 ms - 157[0m
[0mGET /js/home_posts.js [33m404 [0m16.843 ms - 155[0m
[0mGET /js/chat_engine.js [33m404 [0m16.919 ms - 156[0m
[0mGET / [36m304 [0m46.641 ms - -[0m
[0mGET /js/home_post_comments.js [33m404 [0m11.942 ms - 163[0m
[0mGET /js/home_posts.js [33m404 [0m15.739 ms - 155[0m
[0mGET /js/toggle_likes.js [33m404 [0m17.292 ms - 157[0m
[0mGET /js/chat_engine.js [33m404 [0m19.276 ms - 156[0m
[0mGET / [36m304 [0m19.396 ms - -[0m
[0mGET /js/home_post_comments.js [33m404 [0m16.416 ms - 163[0m
[0mGET /css/layout.css [33m404 [0m15.425 ms - 153[0m
[0mGET /css/footer.css [33m404 [0m18.416 ms - 153[0m
[0mGET /css/header.css [33m404 [0m23.847 ms - 153[0m
[0mGET /css/home.css [33m404 [0m31.972 ms - 151[0m
[0mGET /css/chat_box.css [33m404 [0m33.682 ms - 155[0m
[0mGET /js/toggle_likes.js [33m404 [0m12.482 ms - 157[0m
[0mGET /js/home_posts.js [33m404 [0m14.215 ms - 155[0m
[0mGET /js/chat_engine.js [33m404 [0m11.640 ms - 156[0m
[0mGET / [36m304 [0m18.026 ms - -[0m
[0mGET /css/layout.css [33m404 [0m18.817 ms - 153[0m
[0mGET /js/home_post_comments.js [33m404 [0m15.043 ms - 163[0m
[0mGET /css/header.css [33m404 [0m13.991 ms - 153[0m
[0mGET /css/home.css [33m404 [0m11.985 ms - 151[0m
[0mGET /css/chat_box.css [33m404 [0m15.271 ms - 155[0m
[0mGET /css/footer.css [33m404 [0m15.970 ms - 153[0m
[0mGET /js/home_posts.js [33m404 [0m11.422 ms - 155[0m
[0mGET /js/toggle_likes.js [33m404 [0m11.844 ms - 157[0m
[0mGET /js/chat_engine.js [33m404 [0m10.978 ms - 156[0m
[0mGET / [36m304 [0m18.203 ms - -[0m
[0mGET /css/layout.css [33m404 [0m17.753 ms - 153[0m
[0mGET /js/home_post_comments.js [33m404 [0m16.886 ms - 163[0m
[0mGET /css/header.css [33m404 [0m15.950 ms - 153[0m
[0mGET /css/home.css [33m404 [0m17.316 ms - 151[0m
[0mGET /css/footer.css [33m404 [0m14.718 ms - 153[0m
[0mGET /css/chat_box.css [33m404 [0m19.673 ms - 155[0m
[0mGET /js/home_posts.js [33m404 [0m13.208 ms - 155[0m
[0mGET /js/toggle_likes.js [33m404 [0m7.891 ms - 157[0m
[0mGET /js/chat_engine.js [33m404 [0m10.267 ms - 156[0m
[0mGET / [36m304 [0m16.315 ms - -[0m
[0mGET /css/layout.css [33m404 [0m16.065 ms - 153[0m
[0mGET /css/header.css [33m404 [0m10.082 ms - 153[0m
[0mGET /js/home_post_comments.js [33m404 [0m15.839 ms - 163[0m
[0mGET /css/footer.css [33m404 [0m17.085 ms - 153[0m
[0mGET /css/chat_box.css [33m404 [0m19.473 ms - 155[0m
[0mGET /css/home.css [33m404 [0m19.553 ms - 151[0m
[0mGET /js/home_posts.js [33m404 [0m16.340 ms - 155[0m
[0mGET /js/toggle_likes.js [33m404 [0m14.738 ms - 157[0m
[0mGET /js/chat_engine.js [33m404 [0m10.178 ms - 156[0m
[0mGET / [36m304 [0m18.416 ms - -[0m
[0mGET /js/home_post_comments.js [33m404 [0m18.668 ms - 163[0m
[0mGET /css/layout.css [33m404 [0m18.045 ms - 153[0m
[0mGET /css/header.css [33m404 [0m19.770 ms - 153[0m
[0mGET /css/footer.css [33m404 [0m19.143 ms - 153[0m
[0mGET /css/chat_box.css [33m404 [0m13.934 ms - 155[0m
[0mGET /css/home.css [33m404 [0m18.843 ms - 151[0m
[0mGET /js/home_posts.js [33m404 [0m10.617 ms - 155[0m
[0mGET /js/chat_engine.js [33m404 [0m13.438 ms - 156[0m
[0mGET /js/toggle_likes.js [33m404 [0m8.714 ms - 157[0m
[0mGET /users/profile [33m404 [0m5.536 ms - 152[0m
[0mGET /css/layout.css [33m404 [0m3.618 ms - 153[0m
[0mGET /js/home_post_comments.js [33m404 [0m10.860 ms - 163[0m
[0mGET /js/home_posts.js [33m404 [0m10.437 ms - 155[0m
[0mGET /css/header.css [33m404 [0m9.423 ms - 153[0m
[0mGET /css/home.css [33m404 [0m9.388 ms - 151[0m
[0mGET /css/chat_box.css [33m404 [0m11.189 ms - 155[0m
[0mGET /css/footer.css [33m404 [0m11.290 ms - 153[0m
[0mGET /js/toggle_likes.js [33m404 [0m3.254 ms - 157[0m
[0mGET /users/profile [33m404 [0m3.432 ms - 152[0m
[0mGET /js/home_post_comments.js [33m404 [0m8.325 ms - 163[0m
[0mGET /js/home_posts.js [33m404 [0m9.014 ms - 155[0m
[0mGET /css/header.css [33m404 [0m7.251 ms - 153[0m
[0mGET /css/footer.css [33m404 [0m7.411 ms - 153[0m
[0mGET /css/home.css [33m404 [0m8.278 ms - 151[0m
[0mGET /css/chat_box.css [33m404 [0m7.942 ms - 155[0m
[0mGET /users/sign-out [36m302 [0m6.734 ms - 46[0m
[0mGET / [32m200 [0m13.954 ms - 8902[0m
[0mGET /css/layout.css [33m404 [0m10.476 ms - 153[0m
[0mGET /js/home_post_comments.js [33m404 [0m6.829 ms - 163[0m
[0mGET /css/header.css [33m404 [0m4.012 ms - 153[0m
[0mGET /css/footer.css [33m404 [0m8.216 ms - 153[0m
[0mGET /css/home.css [33m404 [0m8.561 ms - 151[0m
[0mGET /css/chat_box.css [33m404 [0m9.534 ms - 155[0m
[0mGET /js/home_posts.js [33m404 [0m10.677 ms - 155[0m
[0mGET /js/toggle_likes.js [33m404 [0m3.645 ms - 157[0m
[0mGET /js/chat_engine.js [33m404 [0m3.365 ms - 156[0m
[0mGET /users/sign-in [36m304 [0m5.353 ms - -[0m
[0mGET /users/css/layout.css [33m404 [0m3.297 ms - 159[0m
[0mGET /users/css/header.css [33m404 [0m4.492 ms - 159[0m
[0mGET /users/css/footer.css [33m404 [0m6.921 ms - 159[0m
[0mPOST /users/create-session [36m302 [0m3.161 ms - 46[0m
[0mGET / [32m200 [0m14.163 ms - 14133[0m
[0mGET /css/layout.css [33m404 [0m13.158 ms - 153[0m
[0mGET /js/home_posts.js [33m404 [0m15.794 ms - 155[0m
[0mGET /css/header.css [33m404 [0m12.496 ms - 153[0m
[0mGET /css/footer.css [33m404 [0m12.006 ms - 153[0m
[0mGET /css/chat_box.css [33m404 [0m13.879 ms - 155[0m
[0mGET /css/home.css [33m404 [0m13.480 ms - 151[0m
[0mGET /js/home_post_comments.js [33m404 [0m8.955 ms - 163[0m
[0mGET /js/toggle_likes.js [33m404 [0m6.433 ms - 157[0m
[0mGET /js/chat_engine.js [33m404 [0m4.678 ms - 156[0m
[0mGET / [32m200 [0m16.523 ms - 13842[0m
[0mGET /js/home_post_comments.js [33m404 [0m17.478 ms - 163[0m
[0mGET /css/layout.css [33m404 [0m16.907 ms - 153[0m
[0mGET /css/header.css [33m404 [0m16.180 ms - 153[0m
[0mGET /css/chat_box.css [33m404 [0m14.924 ms - 155[0m
[0mGET /css/home.css [33m404 [0m15.052 ms - 151[0m
[0mGET /css/footer.css [33m404 [0m13.329 ms - 153[0m
[0mGET /js/home_posts.js [33m404 [0m4.565 ms - 155[0m
[0mGET /js/toggle_likes.js [33m404 [0m4.529 ms - 157[0m
[0mGET /js/chat_engine.js [33m404 [0m4.741 ms - 156[0m
[0mGET / [36m304 [0m43.018 ms - -[0m
[0mGET /js/home_post_comments.js [33m404 [0m12.522 ms - 163[0m
[0mGET /js/home_posts.js [33m404 [0m14.574 ms - 155[0m
[0mGET /js/toggle_likes.js [33m404 [0m12.103 ms - 157[0m
[0mGET /js/chat_engine.js [33m404 [0m12.035 ms - 156[0m
[0mGET / [36m304 [0m16.967 ms - -[0m
[0mGET /js/toggle_likes.js [33m404 [0m12.303 ms - 157[0m
[0mGET /css/header.css [33m404 [0m15.319 ms - 153[0m
[0mGET /css/layout.css [33m404 [0m13.682 ms - 153[0m
[0mGET /css/home.css [33m404 [0m23.062 ms - 151[0m
[0mGET /css/footer.css [33m404 [0m24.775 ms - 153[0m
[0mGET /js/home_post_comments.js [33m404 [0m14.621 ms - 163[0m
[0mGET /css/chat_box.css [33m404 [0m28.112 ms - 155[0m
[0mGET /js/home_posts.js [33m404 [0m13.775 ms - 155[0m
[0mGET /js/chat_engine.js [33m404 [0m8.489 ms - 156[0m
[0mGET / [36m304 [0m18.370 ms - -[0m
[0mGET /js/home_post_comments.js [33m404 [0m15.410 ms - 163[0m
[0mGET /css/layout.css [33m404 [0m15.506 ms - 153[0m
[0mGET /css/header.css [33m404 [0m14.826 ms - 153[0m
[0mGET /css/chat_box.css [33m404 [0m13.523 ms - 155[0m
[0mGET /css/footer.css [33m404 [0m15.238 ms - 153[0m
[0mGET /css/home.css [33m404 [0m16.400 ms - 151[0m
[0mGET /js/toggle_likes.js [33m404 [0m7.318 ms - 157[0m
[0mGET /js/home_posts.js [33m404 [0m6.708 ms - 155[0m
[0mGET /js/chat_engine.js [33m404 [0m5.532 ms - 156[0m
[0mGET / [36m304 [0m19.727 ms - -[0m
[0mGET /css/layout.css [33m404 [0m18.815 ms - 153[0m
[0mGET /css/header.css [33m404 [0m22.695 ms - 153[0m
[0mGET /js/home_post_comments.js [33m404 [0m23.196 ms - 163[0m
[0mGET /css/footer.css [33m404 [0m19.513 ms - 153[0m
[0mGET /css/chat_box.css [33m404 [0m24.286 ms - 155[0m
[0mGET /css/home.css [33m404 [0m25.986 ms - 151[0m
[0mGET /js/home_posts.js [33m404 [0m15.550 ms - 155[0m
[0mGET /js/toggle_likes.js [33m404 [0m19.342 ms - 157[0m
[0mGET /js/chat_engine.js [33m404 [0m14.175 ms - 156[0m
[0mGET / [36m304 [0m17.433 ms - -[0m
[0mGET /css/layout.css [33m404 [0m16.705 ms - 153[0m
[0mGET /js/home_post_comments.js [33m404 [0m15.735 ms - 163[0m
[0mGET /css/header.css [33m404 [0m14.628 ms - 153[0m
[0mGET /css/home.css [33m404 [0m12.542 ms - 151[0m
[0mGET /css/footer.css [33m404 [0m14.774 ms - 153[0m
[0mGET /css/chat_box.css [33m404 [0m14.821 ms - 155[0m
[0mGET /js/home_posts.js [33m404 [0m11.178 ms - 155[0m
[0mGET /js/toggle_likes.js [33m404 [0m10.896 ms - 157[0m
[0mGET /js/chat_engine.js [33m404 [0m9.248 ms - 156[0m
[0mPOST /users/create-session [36m302 [0m6.421 ms - 46[0m
[0mGET / [32m200 [0m18.294 ms - 13709[0m
[0mGET /css/layout.css [33m404 [0m11.926 ms - 153[0m
[0mGET /js/home_post_comments.js [33m404 [0m15.435 ms - 163[0m
[0mGET /css/header.css [33m404 [0m18.003 ms - 153[0m
[0mGET /css/chat_box.css [33m404 [0m16.653 ms - 155[0m
[0mGET /css/home.css [33m404 [0m16.640 ms - 151[0m
[0mGET /css/footer.css [33m404 [0m19.092 ms - 153[0m
[0mGET /js/home_posts.js [33m404 [0m18.038 ms - 155[0m
[0mGET /js/toggle_likes.js [33m404 [0m8.583 ms - 157[0m
[0mGET /js/chat_engine.js [33m404 [0m7.897 ms - 156[0m
[0mGET /users/sign-out [36m302 [0m4.717 ms - 46[0m
[0mGET / [32m200 [0m16.318 ms - 8902[0m
[0mGET /js/home_post_comments.js [33m404 [0m4.446 ms - 163[0m
[0mGET /css/layout.css [33m404 [0m4.388 ms - 153[0m
[0mGET /css/header.css [33m404 [0m10.514 ms - 153[0m
[0mGET /css/home.css [33m404 [0m10.693 ms - 151[0m
[0mGET /css/footer.css [33m404 [0m11.800 ms - 153[0m
[0mGET /css/chat_box.css [33m404 [0m12.114 ms - 155[0m
[0mGET /js/home_posts.js [33m404 [0m6.543 ms - 155[0m
[0mGET /js/toggle_likes.js [33m404 [0m7.912 ms - 157[0m
[0mGET /js/chat_engine.js [33m404 [0m5.527 ms - 156[0m
[0mGET /users/sign-in [36m304 [0m4.177 ms - -[0m
[0mGET /users/css/layout.css [33m404 [0m2.395 ms - 159[0m
[0mGET /users/css/header.css [33m404 [0m4.119 ms - 159[0m
[0mGET /users/css/footer.css [33m404 [0m3.942 ms - 159[0m
[0mPOST /users/create-session [36m302 [0m4.244 ms - 46[0m
[0mGET / [32m200 [0m13.753 ms - 13709[0m
[0mGET /css/layout.css [33m404 [0m11.143 ms - 153[0m
[0mGET /js/home_posts.js [33m404 [0m13.838 ms - 155[0m
[0mGET /css/header.css [33m404 [0m13.379 ms - 153[0m
[0mGET /css/footer.css [33m404 [0m12.132 ms - 153[0m
[0mGET /css/home.css [33m404 [0m11.326 ms - 151[0m
[0mGET /css/chat_box.css [33m404 [0m12.828 ms - 155[0m
[0mGET /js/toggle_likes.js [33m404 [0m12.295 ms - 157[0m
[0mGET /js/home_post_comments.js [33m404 [0m5.992 ms - 163[0m
[0mGET /js/chat_engine.js [33m404 [0m6.150 ms - 156[0m
[0mGET /css/header.css [33m404 [0m12.685 ms - 153[0m
[0mGET /css/layout.css [33m404 [0m13.845 ms - 153[0m
[0mGET /css/home.css [33m404 [0m6.430 ms - 151[0m
[0mGET /css/footer.css [33m404 [0m7.200 ms - 153[0m
[0mGET /css/chat_box.css [33m404 [0m8.280 ms - 155[0m
[0mGET / [32m200 [0m16.834 ms - 13418[0m
[0mGET /css/layout.css [33m404 [0m13.247 ms - 153[0m
[0mGET /js/home_posts.js [33m404 [0m17.950 ms - 155[0m
[0mGET /css/header.css [33m404 [0m17.752 ms - 153[0m
[0mGET /css/home.css [33m404 [0m22.442 ms - 151[0m
[0mGET /css/footer.css [33m404 [0m18.873 ms - 153[0m
[0mGET /css/chat_box.css [33m404 [0m20.332 ms - 155[0m
[0mGET /js/toggle_likes.js [33m404 [0m19.950 ms - 157[0m
[0mGET /js/home_post_comments.js [33m404 [0m10.670 ms - 163[0m
[0mGET /js/chat_engine.js [33m404 [0m9.301 ms - 156[0m
[0mGET / [36m304 [0m23.999 ms - -[0m
[0mGET /css/layout.css [33m404 [0m16.138 ms - 153[0m
[0mGET /js/home_post_comments.js [33m404 [0m16.043 ms - 163[0m
[0mGET /css/header.css [33m404 [0m17.731 ms - 153[0m
[0mGET /css/footer.css [33m404 [0m19.459 ms - 153[0m
[0mGET /css/chat_box.css [33m404 [0m20.585 ms - 155[0m
[0mGET /css/home.css [33m404 [0m17.973 ms - 151[0m
[0mGET /js/home_posts.js [33m404 [0m9.416 ms - 155[0m
[0mGET /js/toggle_likes.js [33m404 [0m10.798 ms - 157[0m
[0mGET /js/chat_engine.js [33m404 [0m11.417 ms - 156[0m
[0mGET / [36m304 [0m42.856 ms - -[0m
[0mGET /js/home_post_comments.js [33m404 [0m12.527 ms - 163[0m
[0mGET /js/home_posts.js [33m404 [0m15.421 ms - 155[0m
[0mGET /js/toggle_likes.js [33m404 [0m15.938 ms - 157[0m
[0mGET /js/chat_engine.js [33m404 [0m19.533 ms - 156[0m
[0mGET / [36m304 [0m20.609 ms - -[0m
[0mGET /css/layout.css [33m404 [0m16.204 ms - 153[0m
[0mGET /js/home_post_comments.js [33m404 [0m15.272 ms - 163[0m
[0mGET /css/header.css [33m404 [0m25.123 ms - 153[0m
[0mGET /css/home.css [33m404 [0m33.002 ms - 151[0m
[0mGET /css/footer.css [33m404 [0m33.099 ms - 153[0m
[0mGET /css/chat_box.css [33m404 [0m33.554 ms - 155[0m
[0mGET /js/home_posts.js [33m404 [0m26.956 ms - 155[0m
[0mGET /js/toggle_likes.js [33m404 [0m9.143 ms - 157[0m
[0mGET /js/chat_engine.js [33m404 [0m10.248 ms - 156[0m
[0mGET / [36m304 [0m17.419 ms - -[0m
[0mGET /js/home_post_comments.js [33m404 [0m16.145 ms - 163[0m
[0mGET /css/layout.css [33m404 [0m17.823 ms - 153[0m
[0mGET /css/header.css [33m404 [0m16.518 ms - 153[0m
[0mGET /css/chat_box.css [33m404 [0m14.924 ms - 155[0m
[0mGET /css/footer.css [33m404 [0m18.457 ms - 153[0m
[0mGET /css/home.css [33m404 [0m19.840 ms - 151[0m
[0mGET /js/home_posts.js [33m404 [0m7.863 ms - 155[0m
[0mGET /js/toggle_likes.js [33m404 [0m10.066 ms - 157[0m
[0mGET /js/chat_engine.js [33m404 [0m11.634 ms - 156[0m
[0mGET / [36m304 [0m16.127 ms - -[0m
[0mGET /css/layout.css [33m404 [0m21.466 ms - 153[0m
[0mGET /js/home_post_comments.js [33m404 [0m25.231 ms - 163[0m
[0mGET /css/header.css [33m404 [0m26.511 ms - 153[0m
[0mGET /css/footer.css [33m404 [0m24.210 ms - 153[0m
[0mGET /css/chat_box.css [33m404 [0m23.638 ms - 155[0m
[0mGET /css/home.css [33m404 [0m27.839 ms - 151[0m
[0mGET /js/home_posts.js [33m404 [0m9.849 ms - 155[0m
[0mGET /js/toggle_likes.js [33m404 [0m10.127 ms - 157[0m
[0mGET /js/chat_engine.js [33m404 [0m10.939 ms - 156[0m
[0mGET / [36m304 [0m49.095 ms - -[0m
[0mGET /js/home_post_comments.js [33m404 [0m14.265 ms - 163[0m
[0mGET /js/home_posts.js [33m404 [0m15.873 ms - 155[0m
[0mGET /js/toggle_likes.js [33m404 [0m16.453 ms - 157[0m
[0mGET /js/chat_engine.js [33m404 [0m19.954 ms - 156[0m
[0mGET /users/sign-out [36m302 [0m7.762 ms - 46[0m
[0mGET / [32m200 [0m18.189 ms - 8902[0m
[0mGET /js/home_post_comments.js [33m404 [0m3.759 ms - 163[0m
[0mGET /css/layout.css [33m404 [0m6.978 ms - 153[0m
[0mGET /css/header.css [33m404 [0m7.611 ms - 153[0m
[0mGET /css/home.css [33m404 [0m9.747 ms - 151[0m
[0mGET /css/footer.css [33m404 [0m16.926 ms - 153[0m
[0mGET /css/chat_box.css [33m404 [0m22.453 ms - 155[0m
[0mGET /js/home_posts.js [33m404 [0m19.067 ms - 155[0m
[0mGET /js/toggle_likes.js [33m404 [0m13.946 ms - 157[0m
[0mGET /js/chat_engine.js [33m404 [0m14.698 ms - 156[0m
[0mGET / [32m200 [0m148.633 ms - 8613[0m
[0mGET /js/home_post_comments.js [33m404 [0m14.154 ms - 163[0m
[0mGET /js/home_posts.js [33m404 [0m9.374 ms - 155[0m
[0mGET /js/chat_engine.js [33m404 [0m14.611 ms - 156[0m
[0mGET /js/toggle_likes.js [33m404 [0m7.510 ms - 157[0m
[0mGET /favicon.ico [33m404 [0m1.462 ms - 150[0m
[0mGET /users/profile/639ee911dffaca3f24b0b1cf [36m302 [0m16.449 ms - 72[0m
[0mGET /users/sign-in [32m200 [0m11.702 ms - 2095[0m
[0mGET /users/css/layout.css [33m404 [0m2.433 ms - 159[0m
[0mGET /users/css/header.css [33m404 [0m4.100 ms - 159[0m
[0mGET /users/css/footer.css [33m404 [0m4.328 ms - 159[0m
[0mPOST /users/create-session [36m302 [0m13.966 ms - 46[0m
[0mGET / [32m200 [0m16.320 ms - 13709[0m
[0mGET /css/layout.css [33m404 [0m11.878 ms - 153[0m
[0mGET /js/home_post_comments.js [33m404 [0m11.663 ms - 163[0m
[0mGET /css/chat_box.css [33m404 [0m12.417 ms - 155[0m
[0mGET /css/home.css [33m404 [0m12.352 ms - 151[0m
[0mGET /css/footer.css [33m404 [0m12.526 ms - 153[0m
[0mGET /css/header.css [33m404 [0m17.737 ms - 153[0m
[0mGET /js/toggle_likes.js [33m404 [0m11.058 ms - 157[0m
[0mGET /js/home_posts.js [33m404 [0m16.938 ms - 155[0m
[0mGET /js/chat_engine.js [33m404 [0m6.646 ms - 156[0m
[0mPOST /posts/create [36m302 [0m20.899 ms - 88[0m
[0mGET / [32m200 [0m18.164 ms - 15279[0m
[0mGET /css/layout.css [33m404 [0m21.067 ms - 153[0m
[0mGET /css/header.css [33m404 [0m20.413 ms - 153[0m
[0mGET /js/home_post_comments.js [33m404 [0m20.834 ms - 163[0m
[0mGET /css/footer.css [33m404 [0m16.008 ms - 153[0m
[0mGET /css/home.css [33m404 [0m17.872 ms - 151[0m
[0mGET /css/chat_box.css [33m404 [0m18.237 ms - 155[0m
[0mGET /js/home_posts.js [33m404 [0m7.877 ms - 155[0m
[0mGET /js/toggle_likes.js [33m404 [0m10.374 ms - 157[0m
[0mGET /js/chat_engine.js [33m404 [0m11.605 ms - 156[0m
[0mGET /likes/toggle/?id=63ad3c233ae3e23c5c9e5099&type=Post [33m404 [0m3.073 ms - 152[0m
[0mGET /css/layout.css [33m404 [0m3.965 ms - 153[0m
[0mGET /js/home_posts.js [33m404 [0m12.416 ms - 155[0m
[0mGET /js/toggle_likes.js [33m404 [0m13.642 ms - 157[0m
[0mGET /css/footer.css [33m404 [0m11.245 ms - 153[0m
[0mGET /css/chat_box.css [33m404 [0m11.443 ms - 155[0m
[0mGET /css/home.css [33m404 [0m9.646 ms - 151[0m
[0mGET /css/header.css [33m404 [0m13.751 ms - 153[0m
[0mGET /likes/toggle/?id=63abe0eada2cfe3f58ac9398&type=Post [33m404 [0m4.330 ms - 152[0m
[0mGET /js/home_posts.js [33m404 [0m12.699 ms - 155[0m
[0mGET /js/toggle_likes.js [33m404 [0m13.201 ms - 157[0m
[0mGET /css/home.css [33m404 [0m10.979 ms - 151[0m
[0mGET /css/header.css [33m404 [0m12.896 ms - 153[0m
[0mGET /css/chat_box.css [33m404 [0m9.432 ms - 155[0m
[0mGET /css/footer.css [33m404 [0m14.189 ms - 153[0m
[0mGET /likes/toggle/?id=63abe0e1da2cfe3f58ac9390&type=Post [33m404 [0m3.595 ms - 152[0m
[0mGET /js/home_posts.js [33m404 [0m11.152 ms - 155[0m
[0mGET /js/toggle_likes.js [33m404 [0m12.646 ms - 157[0m
[0mGET /css/header.css [33m404 [0m12.450 ms - 153[0m
[0mGET /css/footer.css [33m404 [0m14.629 ms - 153[0m
[0mGET /css/chat_box.css [33m404 [0m12.992 ms - 155[0m
[0mGET /css/home.css [33m404 [0m15.648 ms - 151[0m
[0mGET / [32m200 [0m24.169 ms - 14995[0m
[0mGET /js/home_posts.js [33m404 [0m11.587 ms - 155[0m
[0mGET /css/layout.css [33m404 [0m11.455 ms - 153[0m
[0mGET /css/header.css [33m404 [0m12.472 ms - 153[0m
[0mGET /css/footer.css [33m404 [0m14.181 ms - 153[0m
[0mGET /css/home.css [33m404 [0m12.547 ms - 151[0m
[0mGET /css/chat_box.css [33m404 [0m14.629 ms - 155[0m
[0mGET /js/toggle_likes.js [33m404 [0m10.880 ms - 157[0m
[0mGET /js/home_post_comments.js [33m404 [0m9.856 ms - 163[0m
[0mGET /js/chat_engine.js [33m404 [0m8.183 ms - 156[0m
[0mGET /css/layout.css [33m404 [0m13.962 ms - 153[0m
[0mGET /css/header.css [33m404 [0m15.553 ms - 153[0m
[0mGET /css/footer.css [33m404 [0m13.485 ms - 153[0m
[0mGET /css/chat_box.css [33m404 [0m17.598 ms - 155[0m
[0mGET /css/home.css [33m404 [0m19.504 ms - 151[0m
[0mGET /posts/destroy/63ad3c233ae3e23c5c9e5099 [36m302 [0m12.298 ms - 88[0m
[0mGET / [32m200 [0m14.987 ms - 13724[0m
[0mGET /css/layout.css [33m404 [0m14.001 ms - 153[0m
[0mGET /js/home_post_comments.js [33m404 [0m16.117 ms - 163[0m
[0mGET /css/footer.css [33m404 [0m16.339 ms - 153[0m
[0mGET /css/home.css [33m404 [0m18.004 ms - 151[0m
[0mGET /css/header.css [33m404 [0m17.884 ms - 153[0m
[0mGET /css/chat_box.css [33m404 [0m16.828 ms - 155[0m
[0mGET /js/toggle_likes.js [33m404 [0m22.680 ms - 157[0m
[0mGET /js/home_posts.js [33m404 [0m16.783 ms - 155[0m
[0mGET /js/chat_engine.js [33m404 [0m8.341 ms - 156[0m
[0mPOST /comments/create [36m302 [0m11.099 ms - 46[0m
[0mGET / [32m200 [0m37.427 ms - 14440[0m
[0mGET /css/layout.css [33m404 [0m28.590 ms - 153[0m
[0mGET /js/home_post_comments.js [33m404 [0m33.659 ms - 163[0m
[0mGET /css/home.css [33m404 [0m15.069 ms - 151[0m
[0mGET /css/header.css [33m404 [0m16.251 ms - 153[0m
[0mGET /css/chat_box.css [33m404 [0m16.027 ms - 155[0m
[0mGET /css/footer.css [33m404 [0m14.572 ms - 153[0m
[0mGET /js/home_posts.js [33m404 [0m15.698 ms - 155[0m
[0mGET /js/toggle_likes.js [33m404 [0m7.194 ms - 157[0m
[0mGET /js/chat_engine.js [33m404 [0m5.521 ms - 156[0m
[0mPOST /comments/create [36m302 [0m11.526 ms - 46[0m
[0mGET / [32m200 [0m24.272 ms - 15175[0m
[0mGET /css/layout.css [33m404 [0m17.697 ms - 153[0m
[0mGET /css/header.css [33m404 [0m17.281 ms - 153[0m
[0mGET /js/home_post_comments.js [33m404 [0m21.581 ms - 163[0m
[0mGET /css/footer.css [33m404 [0m28.137 ms - 153[0m
[0mGET /css/home.css [33m404 [0m30.790 ms - 151[0m
[0mGET /css/chat_box.css [33m404 [0m31.397 ms - 155[0m
[0mGET /js/home_posts.js [33m404 [0m16.232 ms - 155[0m
[0mGET /js/toggle_likes.js [33m404 [0m17.034 ms - 157[0m
[0mGET /js/chat_engine.js [33m404 [0m16.822 ms - 156[0m
[0mGET / [32m200 [0m16.652 ms - 14888[0m
[0mGET /css/layout.css [33m404 [0m14.510 ms - 153[0m
[0mGET /js/home_post_comments.js [33m404 [0m25.933 ms - 163[0m
[0mGET /css/header.css [33m404 [0m24.978 ms - 153[0m
[0mGET /css/footer.css [33m404 [0m23.586 ms - 153[0m
[0mGET /css/home.css [33m404 [0m23.288 ms - 151[0m
[0mGET /css/chat_box.css [33m404 [0m23.045 ms - 155[0m
[0mGET /js/home_posts.js [33m404 [0m22.919 ms - 155[0m
[0mGET /js/toggle_likes.js [33m404 [0m10.874 ms - 157[0m
[0mGET /js/chat_engine.js [33m404 [0m6.022 ms - 156[0m
[0mGET /users/sign-out [36m302 [0m3.244 ms - 46[0m
[0mGET / [32m200 [0m14.785 ms - 10048[0m
[0mGET /css/layout.css [33m404 [0m5.621 ms - 153[0m
[0mGET /js/home_post_comments.js [33m404 [0m6.088 ms - 163[0m
[0mGET /css/header.css [33m404 [0m7.661 ms - 153[0m
[0mGET /css/chat_box.css [33m404 [0m7.907 ms - 155[0m
[0mGET /js/home_posts.js [33m404 [0m7.858 ms - 155[0m
[0mGET /css/footer.css [33m404 [0m7.366 ms - 153[0m
[0mGET /css/home.css [33m404 [0m12.872 ms - 151[0m
[0mGET /js/toggle_likes.js [33m404 [0m6.856 ms - 157[0m
[0mGET /js/chat_engine.js [33m404 [0m3.052 ms - 156[0m
[0mGET / [32m200 [0m15.448 ms - 9759[0m
[0mGET /css/layout.css [33m404 [0m3.350 ms - 153[0m
[0mGET /js/home_post_comments.js [33m404 [0m3.905 ms - 163[0m
[0mGET /js/home_posts.js [33m404 [0m7.544 ms - 155[0m
[0mGET /css/footer.css [33m404 [0m9.494 ms - 153[0m
[0mGET /css/header.css [33m404 [0m10.676 ms - 153[0m
[0mGET /css/home.css [33m404 [0m11.763 ms - 151[0m
[0mGET /css/chat_box.css [33m404 [0m15.898 ms - 155[0m
[0mGET /js/toggle_likes.js [33m404 [0m4.161 ms - 157[0m
[0mGET /js/chat_engine.js [33m404 [0m2.335 ms - 156[0m
[0mGET / [36m304 [0m43.034 ms - -[0m
[0mGET /js/home_post_comments.js [33m404 [0m6.694 ms - 163[0m
[0mGET /js/home_posts.js [33m404 [0m6.108 ms - 155[0m
[0mGET /js/toggle_likes.js [33m404 [0m3.794 ms - 157[0m
[0mGET /js/chat_engine.js [33m404 [0m5.048 ms - 156[0m
[0mGET /users/sign-in [32m200 [0m5.429 ms - 2095[0m
[0mGET /users/css/layout.css [33m404 [0m3.517 ms - 159[0m
[0mGET /users/css/header.css [33m404 [0m5.568 ms - 159[0m
[0mGET /users/css/footer.css [33m404 [0m4.958 ms - 159[0m
[0mPOST /users/create-session [36m302 [0m7.559 ms - 46[0m
[0mGET / [32m200 [0m21.325 ms - 15179[0m
[0mGET /css/layout.css [33m404 [0m12.565 ms - 153[0m
[0mGET /js/home_post_comments.js [33m404 [0m16.260 ms - 163[0m
[0mGET /css/home.css [33m404 [0m15.770 ms - 151[0m
[0mGET /css/header.css [33m404 [0m18.439 ms - 153[0m
[0mGET /css/footer.css [33m404 [0m28.517 ms - 153[0m
[0mGET /css/chat_box.css [33m404 [0m21.132 ms - 155[0m
[0mGET /js/home_posts.js [33m404 [0m21.255 ms - 155[0m
[0mGET /js/toggle_likes.js [33m404 [0m9.578 ms - 157[0m
[0mGET /js/chat_engine.js [33m404 [0m5.557 ms - 156[0m
[0mGET /users/profile [33m404 [0m3.200 ms - 152[0m
[0mGET / [32m200 [0m20.038 ms - 14888[0m
[0mGET /css/layout.css [33m404 [0m17.979 ms - 153[0m
[0mGET /js/home_post_comments.js [33m404 [0m22.234 ms - 163[0m
[0mGET /css/header.css [33m404 [0m21.283 ms - 153[0m
[0mGET /css/chat_box.css [33m404 [0m18.317 ms - 155[0m
[0mGET /css/home.css [33m404 [0m19.486 ms - 151[0m
[0mGET /css/footer.css [33m404 [0m25.592 ms - 153[0m
[0mGET /js/home_posts.js [33m404 [0m12.013 ms - 155[0m
[0mGET /js/toggle_likes.js [33m404 [0m6.301 ms - 157[0m
[0mGET /js/chat_engine.js [33m404 [0m5.584 ms - 156[0m
[0mGET /users/profile [33m404 [0m3.109 ms - 152[0m
[0mGET /users/profile [33m404 [0m2.375 ms - 152[0m
[0mGET / [36m304 [0m16.304 ms - -[0m
[0mGET /js/home_post_comments.js [33m404 [0m20.257 ms - 163[0m
[0mGET /css/header.css [33m404 [0m21.978 ms - 153[0m
[0mGET /css/home.css [33m404 [0m21.489 ms - 151[0m
[0mGET /css/layout.css [33m404 [0m24.057 ms - 153[0m
[0mGET /css/footer.css [33m404 [0m21.152 ms - 153[0m
[0mGET /css/chat_box.css [33m404 [0m19.049 ms - 155[0m
[0mGET /js/home_posts.js [33m404 [0m5.582 ms - 155[0m
[0mGET /js/toggle_likes.js [33m404 [0m5.713 ms - 157[0m
[0mGET /js/chat_engine.js [33m404 [0m6.409 ms - 156[0m
[0mGET / [36m304 [0m17.710 ms - -[0m
[0mGET /css/header.css [33m404 [0m17.567 ms - 153[0m
[0mGET /js/home_post_comments.js [33m404 [0m21.873 ms - 163[0m
[0mGET /css/footer.css [33m404 [0m18.809 ms - 153[0m
[0mGET /css/layout.css [33m404 [0m22.360 ms - 153[0m
[0mGET /css/chat_box.css [33m404 [0m18.776 ms - 155[0m
[0mGET /css/home.css [33m404 [0m26.165 ms - 151[0m
[0mGET /js/home_posts.js [33m404 [0m11.080 ms - 155[0m
[0mGET /js/toggle_likes.js [33m404 [0m13.163 ms - 157[0m
[0mGET /js/chat_engine.js [33m404 [0m15.785 ms - 156[0m
[0mGET / [36m304 [0m44.834 ms - -[0m
[0mGET /js/home_post_comments.js [33m404 [0m12.729 ms - 163[0m
[0mGET /js/toggle_likes.js [33m404 [0m14.527 ms - 157[0m
[0mGET /js/home_posts.js [33m404 [0m20.896 ms - 155[0m
[0mGET /js/chat_engine.js [33m404 [0m18.382 ms - 156[0m
[0mGET /users/profile [33m404 [0m4.956 ms - 152[0m
[0mGET / [31m500 [0m46.858 ms - 2686[0m
[0mGET / [32m200 [0m43.493 ms - 14913[0m
[0mGET /js/home_post_comments.js [33m404 [0m11.282 ms - 163[0m
[0mGET /js/home_posts.js [33m404 [0m21.592 ms - 155[0m
[0mGET /js/toggle_likes.js [33m404 [0m17.229 ms - 157[0m
[0mGET /js/chat_engine.js [33m404 [0m21.242 ms - 156[0m
[0mGET /users/profile/63a29ac4860aa22094f75a1e [32m200 [0m23.340 ms - 2336[0m
[0mGET /users/profile/css/layout.css [33m404 [0m15.108 ms - 167[0m
[0mGET /users/profile/css/footer.css [33m404 [0m13.519 ms - 167[0m
[0mGET /users/profile/css/header.css [33m404 [0m12.250 ms - 167[0m
[0mGET /users/profile/css/user_profile.css [33m404 [0m19.559 ms - 173[0m
[0mPOST /users/update/63a29ac4860aa22094f75a1e [36m302 [0m18.888 ms - 164[0m
[0mGET /users/profile/63a29ac4860aa22094f75a1e [32m200 [0m6.622 ms - 2379[0m
[0mGET /users/profile/css/layout.css [33m404 [0m13.917 ms - 167[0m
[0mGET /users/profile/css/header.css [33m404 [0m12.456 ms - 167[0m
[0mGET /users/profile/css/footer.css [33m404 [0m14.775 ms - 167[0m
[0mGET /users/profile/css/user_profile.css [33m404 [0m16.125 ms - 173[0m
[0mGET /users/sign-out [36m302 [0m4.679 ms - 46[0m
[0mGET / [32m200 [0m17.533 ms - 10073[0m
[0mGET /css/layout.css [33m404 [0m7.547 ms - 153[0m
[0mGET /css/header.css [33m404 [0m10.939 ms - 153[0m
[0mGET /js/home_post_comments.js [33m404 [0m5.828 ms - 163[0m
[0mGET /css/home.css [33m404 [0m7.491 ms - 151[0m
[0mGET /css/chat_box.css [33m404 [0m7.185 ms - 155[0m
[0mGET /css/footer.css [33m404 [0m8.258 ms - 153[0m
[0mGET /js/home_posts.js [33m404 [0m19.901 ms - 155[0m
[0mGET /js/chat_engine.js [33m404 [0m11.573 ms - 156[0m
[0mGET /js/toggle_likes.js [33m404 [0m21.520 ms - 157[0m
[0mGET /users/sign-in [32m200 [0m4.949 ms - 2120[0m
[0mGET /users/css/layout.css [33m404 [0m4.934 ms - 159[0m
[0mGET /users/css/header.css [33m404 [0m3.265 ms - 159[0m
[0mGET /users/css/footer.css [33m404 [0m3.780 ms - 159[0m
[0mPOST /users/create-session [36m302 [0m4.544 ms - 46[0m
[0mGET / [32m200 [0m19.857 ms - 15628[0m
[0mGET /css/layout.css [33m404 [0m16.003 ms - 153[0m
[0mGET /js/home_post_comments.js [33m404 [0m22.342 ms - 163[0m
[0mGET /css/header.css [33m404 [0m20.804 ms - 153[0m
[0mGET /css/footer.css [33m404 [0m28.635 ms - 153[0m
[0mGET /css/home.css [33m404 [0m27.765 ms - 151[0m
[0mGET /css/chat_box.css [33m404 [0m33.942 ms - 155[0m
[0mGET /js/home_posts.js [33m404 [0m26.249 ms - 155[0m
[0mGET /js/toggle_likes.js [33m404 [0m13.194 ms - 157[0m
[0mGET /js/chat_engine.js [33m404 [0m11.935 ms - 156[0m
[0mGET /users/profile/63a29ac4860aa22094f75a1e [32m200 [0m6.237 ms - 1957[0m
[0mGET /users/profile/css/layout.css [33m404 [0m10.442 ms - 167[0m
[0mGET /users/profile/css/header.css [33m404 [0m7.583 ms - 167[0m
[0mGET /users/profile/css/footer.css [33m404 [0m8.582 ms - 167[0m
[0mGET /users/profile/css/user_profile.css [33m404 [0m16.924 ms - 173[0m
[0mGET /users/profile/63a29ac4860aa22094f75a1e [36m304 [0m6.244 ms - -[0m
[0mGET /users/profile/css/layout.css [33m404 [0m11.103 ms - 167[0m
[0mGET /users/profile/css/header.css [33m404 [0m14.458 ms - 167[0m
[0mGET /users/profile/css/user_profile.css [33m404 [0m11.598 ms - 173[0m
[0mGET /users/profile/css/footer.css [33m404 [0m18.300 ms - 167[0m
[0mGET / [32m200 [0m18.336 ms - 15337[0m
[0mGET /css/layout.css [33m404 [0m22.259 ms - 153[0m
[0mGET /js/home_post_comments.js [33m404 [0m24.883 ms - 163[0m
[0mGET /css/header.css [33m404 [0m25.177 ms - 153[0m
[0mGET /css/home.css [33m404 [0m25.550 ms - 151[0m
[0mGET /css/footer.css [33m404 [0m28.271 ms - 153[0m
[0mGET /css/chat_box.css [33m404 [0m24.573 ms - 155[0m
[0mGET /js/home_posts.js [33m404 [0m11.488 ms - 155[0m
[0mGET /js/toggle_likes.js [33m404 [0m12.310 ms - 157[0m
[0mGET /js/chat_engine.js [33m404 [0m12.125 ms - 156[0m
[0mGET /users/profile/63a29ac4860aa22094f75a1e [36m304 [0m5.997 ms - -[0m
[0mGET /users/profile/css/layout.css [33m404 [0m13.294 ms - 167[0m
[0mGET /users/profile/css/header.css [33m404 [0m9.006 ms - 167[0m
[0mGET /users/profile/css/footer.css [33m404 [0m11.168 ms - 167[0m
[0mGET /users/profile/css/user_profile.css [33m404 [0m13.281 ms - 173[0m
[0mGET / [36m304 [0m17.049 ms - -[0m
[0mGET /css/layout.css [33m404 [0m16.386 ms - 153[0m
[0mGET /js/home_post_comments.js [33m404 [0m22.256 ms - 163[0m
[0mGET /css/header.css [33m404 [0m39.015 ms - 153[0m
[0mGET /css/footer.css [33m404 [0m38.781 ms - 153[0m
[0mGET /css/home.css [33m404 [0m37.064 ms - 151[0m
[0mGET /css/chat_box.css [33m404 [0m37.698 ms - 155[0m
[0mGET /js/home_posts.js [33m404 [0m19.526 ms - 155[0m
[0mGET /js/toggle_likes.js [33m404 [0m10.711 ms - 157[0m
[0mGET /js/chat_engine.js [33m404 [0m12.524 ms - 156[0m
[0mGET /users/profile/639ee911dffaca3f24b0b1cf [32m200 [0m11.996 ms - 2348[0m
[0mGET /users/profile/css/layout.css [33m404 [0m19.231 ms - 167[0m
[0mGET /users/profile/css/header.css [33m404 [0m17.028 ms - 167[0m
[0mGET /users/profile/css/footer.css [33m404 [0m17.937 ms - 167[0m
[0mGET /users/profile/css/user_profile.css [33m404 [0m18.781 ms - 173[0m
[0mGET /users/profile/63a29ac4860aa22094f75a1e [36m304 [0m6.207 ms - -[0m
[0mGET /users/profile/css/layout.css [33m404 [0m10.743 ms - 167[0m
[0mGET /users/profile/css/header.css [33m404 [0m8.672 ms - 167[0m
[0mGET /users/profile/css/footer.css [33m404 [0m12.173 ms - 167[0m
[0mGET /users/profile/css/user_profile.css [33m404 [0m16.610 ms - 173[0m
[0mGET /users/profile [33m404 [0m2.910 ms - 152[0m
[0mGET /users/profile [33m404 [0m3.091 ms - 152[0m
[0mGET /users/sign-out [36m302 [0m3.207 ms - 46[0m
[0mGET / [32m200 [0m14.341 ms - 10073[0m
[0mGET /js/home_post_comments.js [33m404 [0m2.954 ms - 163[0m
[0mGET /css/home.css [33m404 [0m11.404 ms - 151[0m
[0mGET /css/header.css [33m404 [0m11.439 ms - 153[0m
[0mGET /css/chat_box.css [33m404 [0m15.044 ms - 155[0m
[0mGET /css/layout.css [33m404 [0m14.339 ms - 153[0m
[0mGET /css/footer.css [33m404 [0m14.358 ms - 153[0m
[0mGET /js/home_posts.js [33m404 [0m13.382 ms - 155[0m
[0mGET /js/toggle_likes.js [33m404 [0m3.564 ms - 157[0m
[0mGET /js/chat_engine.js [33m404 [0m2.024 ms - 156[0m
[0mGET /css/layout.css [33m404 [0m6.639 ms - 153[0m
[0mGET /css/header.css [33m404 [0m6.173 ms - 153[0m
[0mGET /css/footer.css [33m404 [0m6.619 ms - 153[0m
[0mGET /css/home.css [33m404 [0m7.648 ms - 151[0m
[0mGET /css/chat_box.css [33m404 [0m8.781 ms - 155[0m
[0mGET /users/sign-in [36m304 [0m3.133 ms - -[0m
[0mGET /users/css/layout.css [33m404 [0m4.562 ms - 159[0m
[0mGET /users/css/header.css [33m404 [0m2.852 ms - 159[0m
[0mGET /users/css/footer.css [33m404 [0m3.026 ms - 159[0m
[0mPOST /users/create-session [36m302 [0m3.227 ms - 46[0m
[0mGET / [32m200 [0m17.065 ms - 15204[0m
[0mGET /css/layout.css [33m404 [0m11.251 ms - 153[0m
[0mGET /js/home_post_comments.js [33m404 [0m27.829 ms - 163[0m
[0mGET /css/header.css [33m404 [0m27.966 ms - 153[0m
[0mGET /css/footer.css [33m404 [0m28.329 ms - 153[0m
[0mGET /css/chat_box.css [33m404 [0m26.853 ms - 155[0m
[0mGET /css/home.css [33m404 [0m26.646 ms - 151[0m
[0mGET /js/home_posts.js [33m404 [0m19.994 ms - 155[0m
[0mGET /js/toggle_likes.js [33m404 [0m8.277 ms - 157[0m
[0mGET /js/chat_engine.js [33m404 [0m6.172 ms - 156[0m
[0mGET / [32m200 [0m21.329 ms - 14913[0m
[0mGET /js/home_post_comments.js [33m404 [0m17.582 ms - 163[0m
[0mGET /css/layout.css [33m404 [0m16.676 ms - 153[0m
[0mGET /css/header.css [33m404 [0m17.663 ms - 153[0m
[0mGET /css/chat_box.css [33m404 [0m18.275 ms - 155[0m
[0mGET /css/footer.css [33m404 [0m14.791 ms - 153[0m
[0mGET /css/home.css [33m404 [0m16.424 ms - 151[0m
[0mGET /js/home_posts.js [33m404 [0m6.951 ms - 155[0m
[0mGET /js/toggle_likes.js [33m404 [0m8.617 ms - 157[0m
[0mGET /js/chat_engine.js [33m404 [0m11.977 ms - 156[0m
[0mGET /users/profile/63a29ac4860aa22094f75a1e [32m200 [0m6.061 ms - 2379[0m
[0mGET /users/profile/css/layout.css [33m404 [0m13.672 ms - 167[0m
[0mGET /users/profile/css/header.css [33m404 [0m15.047 ms - 167[0m
[0mGET /users/profile/css/footer.css [33m404 [0m16.582 ms - 167[0m
[0mGET /users/profile/css/user_profile.css [33m404 [0m15.767 ms - 173[0m
[0mGET /users/sign-out [36m302 [0m3.270 ms - 46[0m
[0mGET / [32m200 [0m12.634 ms - 10073[0m
[0mGET /css/layout.css [33m404 [0m7.593 ms - 153[0m
[0mGET /js/home_post_comments.js [33m404 [0m7.074 ms - 163[0m
[0mGET /css/header.css [33m404 [0m13.225 ms - 153[0m
[0mGET /css/chat_box.css [33m404 [0m11.486 ms - 155[0m
[0mGET /js/home_posts.js [33m404 [0m20.250 ms - 155[0m
[0mGET /css/home.css [33m404 [0m21.991 ms - 151[0m
[0mGET /css/footer.css [33m404 [0m21.402 ms - 153[0m
[0mGET /js/toggle_likes.js [33m404 [0m3.814 ms - 157[0m
[0mGET /js/chat_engine.js [33m404 [0m3.301 ms - 156[0m
[0mGET /users/sign-in [36m304 [0m3.042 ms - -[0m
[0mGET /users/css/layout.css [33m404 [0m4.596 ms - 159[0m
[0mGET /users/css/header.css [33m404 [0m3.330 ms - 159[0m
[0mGET /users/css/footer.css [33m404 [0m4.327 ms - 159[0m
[0mPOST /users/create-session [36m302 [0m3.324 ms - 46[0m
[0mGET / [32m200 [0m14.179 ms - 15628[0m
[0mGET /css/layout.css [33m404 [0m11.821 ms - 153[0m
[0mGET /js/home_post_comments.js [33m404 [0m14.411 ms - 163[0m
[0mGET /css/header.css [33m404 [0m22.105 ms - 153[0m
[0mGET /css/footer.css [33m404 [0m22.501 ms - 153[0m
[0mGET /css/home.css [33m404 [0m22.147 ms - 151[0m
[0mGET /css/chat_box.css [33m404 [0m24.660 ms - 155[0m
[0mGET /js/home_posts.js [33m404 [0m18.816 ms - 155[0m
[0mGET /js/toggle_likes.js [33m404 [0m10.166 ms - 157[0m
[0mGET /js/chat_engine.js [33m404 [0m8.797 ms - 156[0m
[0mGET /users/profile/63a29ac4860aa22094f75a1e [32m200 [0m6.168 ms - 1957[0m
[0mGET /users/profile/css/layout.css [33m404 [0m17.079 ms - 167[0m
[0mGET /users/profile/css/header.css [33m404 [0m15.033 ms - 167[0m
[0mGET /users/profile/css/footer.css [33m404 [0m17.148 ms - 167[0m
[0mGET /users/profile/css/user_profile.css [33m404 [0m16.358 ms - 173[0m
[0mGET /users/profile/63a29ac4860aa22094f75a1e [36m304 [0m5.984 ms - -[0m
[0mGET /users/profile/css/layout.css [33m404 [0m5.680 ms - 167[0m
[0mGET /users/profile/css/header.css [33m404 [0m11.681 ms - 167[0m
[0mGET /users/profile/css/footer.css [33m404 [0m14.301 ms - 167[0m
[0mGET /users/profile/css/user_profile.css [33m404 [0m16.010 ms - 173[0m
[0mGET /users/profile/63a29ac4860aa22094f75a1e [36m304 [0m5.789 ms - -[0m
[0mGET /users/profile/css/layout.css [33m404 [0m17.061 ms - 167[0m
[0mGET /users/profile/css/header.css [33m404 [0m14.889 ms - 167[0m
[0mGET /users/profile/css/footer.css [33m404 [0m16.196 ms - 167[0m
[0mGET /users/profile/css/user_profile.css [33m404 [0m16.002 ms - 173[0m
[0mGET /users/profile/63a29ac4860aa22094f75a1e [36m304 [0m6.885 ms - -[0m
[0mGET /users/profile/css/layout.css [33m404 [0m12.159 ms - 167[0m
[0mGET /users/profile/css/header.css [33m404 [0m9.670 ms - 167[0m
[0mGET /users/profile/css/footer.css [33m404 [0m12.787 ms - 167[0m
[0mGET /users/profile/css/user_profile.css [33m404 [0m14.901 ms - 173[0m
[0mGET /users/sign-out [36m302 [0m3.510 ms - 46[0m
[0mGET / [32m200 [0m12.983 ms - 10073[0m
[0mGET /css/layout.css [33m404 [0m2.951 ms - 153[0m
[0mGET /js/home_post_comments.js [33m404 [0m7.430 ms - 163[0m
[0mGET /css/header.css [33m404 [0m8.202 ms - 153[0m
[0mGET /css/home.css [33m404 [0m14.854 ms - 151[0m
[0mGET /css/footer.css [33m404 [0m18.313 ms - 153[0m
[0mGET /css/chat_box.css [33m404 [0m17.091 ms - 155[0m
[0mGET /js/home_posts.js [33m404 [0m10.855 ms - 155[0m
[0mGET /js/toggle_likes.js [33m404 [0m6.523 ms - 157[0m
[0mGET /js/chat_engine.js [33m404 [0m5.096 ms - 156[0m
[0mGET /users/sign-up [32m200 [0m15.192 ms - 2276[0m
[0mGET /users/css/layout.css [33m404 [0m4.883 ms - 159[0m
[0mGET /users/css/header.css [33m404 [0m5.920 ms - 159[0m
[0mGET /users/css/footer.css [33m404 [0m7.374 ms - 159[0m
[0mPOST /users/create [36m302 [0m6.236 ms - 72[0m
[0mGET /users/sign-in [36m304 [0m3.156 ms - -[0m
[0mGET /users/css/layout.css [33m404 [0m2.497 ms - 159[0m
[0mGET /users/css/header.css [33m404 [0m3.530 ms - 159[0m
[0mGET /users/css/footer.css [33m404 [0m4.514 ms - 159[0m
[0mPOST /users/create-session [36m302 [0m3.017 ms - 46[0m
[0mGET / [32m200 [0m15.540 ms - 15208[0m
[0mGET /css/layout.css [33m404 [0m11.802 ms - 153[0m
[0mGET /js/home_post_comments.js [33m404 [0m21.974 ms - 163[0m
[0mGET /css/header.css [33m404 [0m23.063 ms - 153[0m
[0mGET /css/footer.css [33m404 [0m22.845 ms - 153[0m
[0mGET /css/chat_box.css [33m404 [0m23.043 ms - 155[0m
[0mGET /css/home.css [33m404 [0m23.559 ms - 151[0m
[0mGET /js/home_posts.js [33m404 [0m16.444 ms - 155[0m
[0mGET /js/toggle_likes.js [33m404 [0m4.749 ms - 157[0m
[0mGET /js/chat_engine.js [33m404 [0m5.264 ms - 156[0m
[0mGET /users/profile/639ee911dffaca3f24b0b1cf [32m200 [0m5.739 ms - 1965[0m
[0mGET /users/profile/css/layout.css [33m404 [0m12.445 ms - 167[0m
[0mGET /users/profile/css/header.css [33m404 [0m10.589 ms - 167[0m
[0mGET /users/profile/css/footer.css [33m404 [0m12.696 ms - 167[0m
[0mGET /users/profile/css/user_profile.css [33m404 [0m14.224 ms - 173[0m
[0mGET /users/profile/63a29ac4860aa22094f75a1e [32m200 [0m6.388 ms - 1955[0m
[0mGET /users/profile/css/layout.css [33m404 [0m11.501 ms - 167[0m
[0mGET /users/profile/css/header.css [33m404 [0m12.727 ms - 167[0m
[0mGET /users/profile/css/footer.css [33m404 [0m11.662 ms - 167[0m
[0mGET /users/profile/css/user_profile.css [33m404 [0m12.562 ms - 173[0m
[0mGET /users/profile/639ee911dffaca3f24b0b1cf [36m304 [0m5.120 ms - -[0m
[0mGET /users/profile/css/layout.css [33m404 [0m16.156 ms - 167[0m
[0mGET /users/profile/css/header.css [33m404 [0m15.941 ms - 167[0m
[0mGET /users/profile/css/footer.css [33m404 [0m12.480 ms - 167[0m
[0mGET /users/profile/css/user_profile.css [33m404 [0m13.595 ms - 173[0m
[0mGET /users/profile/639ee911dffaca3f24b0b1cf [36m304 [0m5.407 ms - -[0m
[0mGET /users/profile/css/layout.css [33m404 [0m10.153 ms - 167[0m
[0mGET /users/profile/css/header.css [33m404 [0m9.673 ms - 167[0m
[0mGET /users/profile/css/footer.css [33m404 [0m14.230 ms - 167[0m
[0mGET /users/profile/css/user_profile.css [33m404 [0m15.984 ms - 173[0m
[0mGET /users/profile/63a29ac4860aa22094f75a1e [36m304 [0m6.233 ms - -[0m
[0mGET /users/profile/css/layout.css [33m404 [0m15.151 ms - 167[0m
[0mGET /users/profile/css/header.css [33m404 [0m11.795 ms - 167[0m
[0mGET /users/profile/css/footer.css [33m404 [0m12.431 ms - 167[0m
[0mGET /users/profile/css/user_profile.css [33m404 [0m16.102 ms - 173[0m
[0mGET /users/profile/63ad46d36ff8c13ee064d115 [32m200 [0m5.150 ms - 2344[0m
[0mGET /users/profile/css/layout.css [33m404 [0m12.967 ms - 167[0m
[0mGET /users/profile/css/header.css [33m404 [0m9.649 ms - 167[0m
[0mGET /users/profile/css/footer.css [33m404 [0m11.795 ms - 167[0m
[0mGET /users/profile/css/user_profile.css [33m404 [0m14.585 ms - 173[0m
[0mGET /users/profile/639ee911dffaca3f24b0b1cf [36m304 [0m5.190 ms - -[0m
[0mGET /users/profile/css/layout.css [33m404 [0m10.182 ms - 167[0m
[0mGET /users/profile/css/header.css [33m404 [0m12.464 ms - 167[0m
[0mGET /users/profile/css/footer.css [33m404 [0m10.998 ms - 167[0m
[0mGET /users/profile/css/user_profile.css [33m404 [0m11.635 ms - 173[0m
[0mGET /users/profile/63a29ac4860aa22094f75a1e [36m304 [0m6.598 ms - -[0m
[0mGET /users/profile/css/layout.css [33m404 [0m13.495 ms - 167[0m
[0mGET /users/profile/css/header.css [33m404 [0m14.667 ms - 167[0m
[0mGET /users/profile/css/footer.css [33m404 [0m15.249 ms - 167[0m
[0mGET /users/profile/css/user_profile.css [33m404 [0m15.952 ms - 173[0m
[0mGET /users/profile/63ad46d36ff8c13ee064d115 [36m304 [0m5.170 ms - -[0m
[0mGET /users/profile/css/layout.css [33m404 [0m13.120 ms - 167[0m
[0mGET /users/profile/css/header.css [33m404 [0m8.479 ms - 167[0m
[0mGET /users/profile/css/footer.css [33m404 [0m13.602 ms - 167[0m
[0mGET /users/profile/css/user_profile.css [33m404 [0m15.997 ms - 173[0m
[0mPOST /users/update/63ad46d36ff8c13ee064d115 [36m302 [0m8.868 ms - 164[0m
[0mGET /users/profile/63ad46d36ff8c13ee064d115 [32m200 [0m5.920 ms - 2387[0m
[0mGET /users/profile/css/layout.css [33m404 [0m15.422 ms - 167[0m
[0mGET /users/profile/css/header.css [33m404 [0m12.442 ms - 167[0m
[0mGET /users/profile/css/footer.css [33m404 [0m13.196 ms - 167[0m
[0mGET /users/profile/css/user_profile.css [33m404 [0m14.165 ms - 173[0m
[0mGET /users/profile/63ad46d36ff8c13ee064d115 [36m304 [0m5.522 ms - -[0m
[0mGET /users/profile/css/layout.css [33m404 [0m14.464 ms - 167[0m
[0mGET /users/profile/css/header.css [33m404 [0m13.803 ms - 167[0m
[0mGET /users/profile/css/footer.css [33m404 [0m8.250 ms - 167[0m
[0mGET /users/profile/css/user_profile.css [33m404 [0m11.032 ms - 173[0m
[0mGET / [32m200 [0m15.182 ms - 14917[0m
[0mGET /css/layout.css [33m404 [0m10.501 ms - 153[0m
[0mGET /js/home_post_comments.js [33m404 [0m17.403 ms - 163[0m
[0mGET /css/header.css [33m404 [0m15.570 ms - 153[0m
[0mGET /css/footer.css [33m404 [0m14.656 ms - 153[0m
[0mGET /css/home.css [33m404 [0m19.067 ms - 151[0m
[0mGET /css/chat_box.css [33m404 [0m19.158 ms - 155[0m
[0mGET /js/home_posts.js [33m404 [0m16.261 ms - 155[0m
[0mGET /js/toggle_likes.js [33m404 [0m10.295 ms - 157[0m
[0mGET /js/chat_engine.js [33m404 [0m10.362 ms - 156[0m
[0mGET /users/profile/63ad46d36ff8c13ee064d115 [36m304 [0m4.688 ms - -[0m
[0mGET /users/profile/css/layout.css [33m404 [0m16.709 ms - 167[0m
[0mGET /users/profile/css/header.css [33m404 [0m10.836 ms - 167[0m
[0mGET /users/profile/css/footer.css [33m404 [0m17.737 ms - 167[0m
[0mGET /users/profile/css/user_profile.css [33m404 [0m19.059 ms - 173[0m
[0mGET / [36m304 [0m15.526 ms - -[0m
[0mGET /css/layout.css [33m404 [0m17.256 ms - 153[0m
[0mGET /js/home_post_comments.js [33m404 [0m20.829 ms - 163[0m
[0mGET /css/footer.css [33m404 [0m21.489 ms - 153[0m
[0mGET /css/header.css [33m404 [0m19.882 ms - 153[0m
[0mGET /css/chat_box.css [33m404 [0m16.224 ms - 155[0m
[0mGET /css/home.css [33m404 [0m22.326 ms - 151[0m
[0mGET /js/home_posts.js [33m404 [0m19.160 ms - 155[0m
[0mGET /js/toggle_likes.js [33m404 [0m9.586 ms - 157[0m
[0mGET /js/chat_engine.js [33m404 [0m9.534 ms - 156[0m
[0mGET /users/profile/639ee911dffaca3f24b0b1cf [32m200 [0m4.566 ms - 2008[0m
[0mGET /users/profile/css/layout.css [33m404 [0m13.168 ms - 167[0m
[0mGET /users/profile/css/header.css [33m404 [0m9.987 ms - 167[0m
[0mGET /users/profile/css/footer.css [33m404 [0m10.496 ms - 167[0m
[0mGET /users/profile/css/user_profile.css [33m404 [0m9.871 ms - 173[0m
[0mGET / [36m304 [0m18.928 ms - -[0m
[0mGET /css/layout.css [33m404 [0m14.759 ms - 153[0m
[0mGET /js/home_post_comments.js [33m404 [0m19.615 ms - 163[0m
[0mGET /css/footer.css [33m404 [0m17.233 ms - 153[0m
[0mGET /css/chat_box.css [33m404 [0m23.186 ms - 155[0m
[0mGET /css/header.css [33m404 [0m23.345 ms - 153[0m
[0mGET /css/home.css [33m404 [0m18.379 ms - 151[0m
[0mGET /js/home_posts.js [33m404 [0m25.449 ms - 155[0m
[0mGET /js/toggle_likes.js [33m404 [0m10.056 ms - 157[0m
[0mGET /js/chat_engine.js [33m404 [0m6.082 ms - 156[0m
[0mGET /users/profile/63a29ac4860aa22094f75a1e [32m200 [0m4.637 ms - 1998[0m
[0mGET /users/profile/css/layout.css [33m404 [0m17.335 ms - 167[0m
[0mGET /users/profile/css/header.css [33m404 [0m13.633 ms - 167[0m
[0mGET /users/profile/css/footer.css [33m404 [0m15.638 ms - 167[0m
[0mGET /users/profile/css/user_profile.css [33m404 [0m17.106 ms - 173[0m
[0mGET /users/profile/css/layout.css [33m404 [0m11.200 ms - 167[0m
[0mGET /users/profile/css/header.css [33m404 [0m7.784 ms - 167[0m
[0mGET /users/profile/css/footer.css [33m404 [0m7.630 ms - 167[0m
[0mGET /users/profile/css/user_profile.css [33m404 [0m8.089 ms - 173[0m
[0mGET / [36m304 [0m16.316 ms - -[0m
[0mGET /css/layout.css [33m404 [0m16.544 ms - 153[0m
[0mGET /js/home_post_comments.js [33m404 [0m18.398 ms - 163[0m
[0mGET /css/chat_box.css [33m404 [0m12.263 ms - 155[0m
[0mGET /css/home.css [33m404 [0m16.492 ms - 151[0m
[0mGET /css/header.css [33m404 [0m16.425 ms - 153[0m
[0mGET /css/footer.css [33m404 [0m17.639 ms - 153[0m
[0mGET /js/home_posts.js [33m404 [0m16.322 ms - 155[0m
[0mGET /js/toggle_likes.js [33m404 [0m6.705 ms - 157[0m
[0mGET /js/chat_engine.js [33m404 [0m6.731 ms - 156[0m
[0mGET /users/sign-out [36m302 [0m3.696 ms - 46[0m
[0mGET / [32m200 [0m13.020 ms - 10207[0m
[0mGET /css/layout.css [33m404 [0m8.109 ms - 153[0m
[0mGET /js/home_post_comments.js [33m404 [0m2.499 ms - 163[0m
[0mGET /css/footer.css [33m404 [0m5.857 ms - 153[0m
[0mGET /css/header.css [33m404 [0m5.605 ms - 153[0m
[0mGET /css/home.css [33m404 [0m5.531 ms - 151[0m
[0mGET /css/chat_box.css [33m404 [0m5.886 ms - 155[0m
[0mGET /js/home_posts.js [33m404 [0m6.298 ms - 155[0m
[0mGET /js/toggle_likes.js [33m404 [0m7.118 ms - 157[0m
[0mGET /js/chat_engine.js [33m404 [0m1.955 ms - 156[0m
[0mGET /users/sign-in [32m200 [0m2.913 ms - 2120[0m
[0mGET /users/css/layout.css [33m404 [0m4.959 ms - 159[0m
[0mGET /users/css/header.css [33m404 [0m6.123 ms - 159[0m
[0mGET /users/css/footer.css [33m404 [0m6.878 ms - 159[0m
[0mPOST /users/create-session [36m302 [0m2.998 ms - 46[0m
[0mGET / [32m200 [0m13.491 ms - 15338[0m
[0mGET /css/layout.css [33m404 [0m9.601 ms - 153[0m
[0mGET /js/home_post_comments.js [33m404 [0m15.115 ms - 163[0m
[0mGET /css/header.css [33m404 [0m20.835 ms - 153[0m
[0mGET /css/home.css [33m404 [0m20.827 ms - 151[0m
[0mGET /css/footer.css [33m404 [0m19.125 ms - 153[0m
[0mGET /css/chat_box.css [33m404 [0m21.263 ms - 155[0m
[0mGET /js/home_posts.js [33m404 [0m16.709 ms - 155[0m
[0mGET /js/toggle_likes.js [33m404 [0m9.082 ms - 157[0m
[0mGET /js/chat_engine.js [33m404 [0m4.285 ms - 156[0m
[0mGET /users/profile/639ee911dffaca3f24b0b1cf [32m200 [0m6.940 ms - 2008[0m
[0mGET /users/profile/css/layout.css [33m404 [0m11.952 ms - 167[0m
[0mGET /users/profile/css/header.css [33m404 [0m7.486 ms - 167[0m
[0mGET /users/profile/css/footer.css [33m404 [0m8.498 ms - 167[0m
[0mGET /users/profile/css/user_profile.css [33m404 [0m10.108 ms - 173[0m
[0mGET / [32m200 [0m15.223 ms - 15047[0m
[0mGET /css/layout.css [33m404 [0m12.162 ms - 153[0m
[0mGET /js/home_post_comments.js [33m404 [0m14.379 ms - 163[0m
[0mGET /css/header.css [33m404 [0m20.727 ms - 153[0m
[0mGET /css/footer.css [33m404 [0m19.305 ms - 153[0m
[0mGET /css/home.css [33m404 [0m21.870 ms - 151[0m
[0mGET /js/home_posts.js [33m404 [0m17.299 ms - 155[0m
[0mGET /css/chat_box.css [33m404 [0m18.814 ms - 155[0m
[0mGET /js/toggle_likes.js [33m404 [0m4.878 ms - 157[0m
[0mGET /js/chat_engine.js [33m404 [0m2.948 ms - 156[0m
[0mGET /users/profile/63a29ac4860aa22094f75a1e [32m200 [0m6.356 ms - 2379[0m
[0mGET /users/profile/css/layout.css [33m404 [0m17.936 ms - 167[0m
[0mGET /users/profile/css/header.css [33m404 [0m15.424 ms - 167[0m
[0mGET /users/profile/css/footer.css [33m404 [0m16.315 ms - 167[0m
[0mGET /users/profile/css/user_profile.css [33m404 [0m16.194 ms - 173[0m
[0mGET / [36m304 [0m15.894 ms - -[0m
[0mGET /css/layout.css [33m404 [0m15.482 ms - 153[0m
[0mGET /js/home_post_comments.js [33m404 [0m18.376 ms - 163[0m
[0mGET /css/header.css [33m404 [0m17.676 ms - 153[0m
[0mGET /css/footer.css [33m404 [0m16.326 ms - 153[0m
[0mGET /css/home.css [33m404 [0m18.849 ms - 151[0m
[0mGET /css/chat_box.css [33m404 [0m19.081 ms - 155[0m
[0mGET /js/home_posts.js [33m404 [0m14.597 ms - 155[0m
[0mGET /js/toggle_likes.js [33m404 [0m6.056 ms - 157[0m
[0mGET /js/chat_engine.js [33m404 [0m5.110 ms - 156[0m
[0mGET /users/profile/63ad46d36ff8c13ee064d115 [32m200 [0m5.667 ms - 2006[0m
[0mGET /users/profile/css/layout.css [33m404 [0m17.038 ms - 167[0m
[0mGET /users/profile/css/header.css [33m404 [0m12.765 ms - 167[0m
[0mGET /users/profile/css/footer.css [33m404 [0m15.147 ms - 167[0m
[0mGET /users/profile/css/user_profile.css [33m404 [0m15.928 ms - 173[0m
[0mGET / [36m304 [0m15.771 ms - -[0m
[0mGET /css/layout.css [33m404 [0m13.676 ms - 153[0m
[0mGET /js/home_post_comments.js [33m404 [0m17.812 ms - 163[0m
[0mGET /css/footer.css [33m404 [0m16.317 ms - 153[0m
[0mGET /css/header.css [33m404 [0m16.243 ms - 153[0m
[0mGET /css/chat_box.css [33m404 [0m15.544 ms - 155[0m
[0mGET /css/home.css [33m404 [0m19.145 ms - 151[0m
[0mGET /js/home_posts.js [33m404 [0m16.063 ms - 155[0m
[0mGET /js/toggle_likes.js [33m404 [0m8.189 ms - 157[0m
[0mGET /js/chat_engine.js [33m404 [0m8.116 ms - 156[0m
[0mGET /users/profile/63a29ac4860aa22094f75a1e [36m304 [0m5.198 ms - -[0m
[0mGET /users/profile/css/layout.css [33m404 [0m10.783 ms - 167[0m
[0mGET /users/profile/css/header.css [33m404 [0m6.625 ms - 167[0m
[0mGET /users/profile/css/footer.css [33m404 [0m11.071 ms - 167[0m
[0mGET /users/profile/css/user_profile.css [33m404 [0m11.470 ms - 173[0m
[0mGET / [32m200 [0m215.680 ms - 9918[0m
[0mGET /js/home_post_comments.js [33m404 [0m21.103 ms - 163[0m
[0mGET /js/home_posts.js [33m404 [0m14.707 ms - 155[0m
[0mGET /js/toggle_likes.js [33m404 [0m21.445 ms - 157[0m
[0mGET /js/chat_engine.js [33m404 [0m22.610 ms - 156[0m
[0mGET /favicon.ico [33m404 [0m3.672 ms - 150[0m
[0mGET /css/layout.css [33m404 [0m7.783 ms - 153[0m
[0mGET /css/header.css [33m404 [0m11.409 ms - 153[0m
[0mGET /css/footer.css [33m404 [0m10.670 ms - 153[0m
[0mGET /css/home.css [33m404 [0m17.932 ms - 151[0m
[0mGET /css/chat_box.css [33m404 [0m12.942 ms - 155[0m
[0mGET /users/sign-in [32m200 [0m19.573 ms - 2120[0m
[0mGET /users/css/layout.css [33m404 [0m5.496 ms - 159[0m
[0mGET /users/css/header.css [33m404 [0m5.580 ms - 159[0m
[0mGET /users/css/footer.css [33m404 [0m6.549 ms - 159[0m
[0mPOST /users/create-session [36m302 [0m55.078 ms - 46[0m
[0mGET / [32m200 [0m33.313 ms - 15338[0m
[0mGET /css/layout.css [33m404 [0m6.619 ms - 153[0m
[0mGET /js/home_posts.js [33m404 [0m19.792 ms - 155[0m
[0mGET /css/footer.css [33m404 [0m20.735 ms - 153[0m
[0mGET /css/header.css [33m404 [0m22.838 ms - 153[0m
[0mGET /css/chat_box.css [33m404 [0m27.068 ms - 155[0m
[0mGET /css/home.css [33m404 [0m22.893 ms - 151[0m
[0mGET /js/home_post_comments.js [33m404 [0m19.432 ms - 163[0m
[0mGET /js/toggle_likes.js [33m404 [0m11.629 ms - 157[0m
[0mGET /js/chat_engine.js [33m404 [0m6.568 ms - 156[0m
[0mGET / [32m200 [0m75.242 ms - 15047[0m
[0mGET /js/home_post_comments.js [33m404 [0m21.731 ms - 163[0m
[0mGET /js/home_posts.js [33m404 [0m21.204 ms - 155[0m
[0mGET /js/toggle_likes.js [33m404 [0m20.703 ms - 157[0m
[0mGET /js/chat_engine.js [33m404 [0m24.355 ms - 156[0m
[0mGET /users/sign-out [36m302 [0m10.424 ms - 46[0m
[0mGET / [32m200 [0m27.965 ms - 10207[0m
[0mGET /css/layout.css [33m404 [0m4.138 ms - 153[0m
[0mGET /js/home_post_comments.js [33m404 [0m9.636 ms - 163[0m
[0mGET /js/home_posts.js [33m404 [0m13.383 ms - 155[0m
[0mGET /css/home.css [33m404 [0m23.605 ms - 151[0m
[0mGET /css/footer.css [33m404 [0m14.875 ms - 153[0m
[0mGET /css/header.css [33m404 [0m28.062 ms - 153[0m
[0mGET /css/chat_box.css [33m404 [0m23.568 ms - 155[0m
[0mGET /js/chat_engine.js [33m404 [0m6.167 ms - 156[0m
[0mGET /js/toggle_likes.js [33m404 [0m24.049 ms - 157[0m
[0mGET /users/sign-up [32m200 [0m24.127 ms - 2276[0m
[0mGET /users/css/layout.css [33m404 [0m4.793 ms - 159[0m
[0mGET /users/css/header.css [33m404 [0m5.926 ms - 159[0m
[0mGET /users/css/footer.css [33m404 [0m7.754 ms - 159[0m
[0mGET /users/auth/google [36m302 [0m6.057 ms - 0[0m
[0mGET /users/auth/google/callback?code=4%2F0AWgavde2UtYJx9h6kyTyHI-Bu070gxiqCxjOEDLzZUzjLGCMcBh9eKXXoJ4yvMwS3NZkqQ&scope=email+profile+https%3A%2F%2Fwww.googleapis.com%2Fauth%2Fuserinfo.profile+https%3A%2F%2Fwww.googleapis.com%2Fauth%2Fuserinfo.email+openid&authuser=1&prompt=consent [36m302 [0m958.301 ms - 46[0m
[0mGET / [32m200 [0m33.137 ms - 15368[0m
[0mGET /css/layout.css [33m404 [0m20.128 ms - 153[0m
[0mGET /css/header.css [33m404 [0m25.750 ms - 153[0m
[0mGET /js/home_post_comments.js [33m404 [0m28.775 ms - 163[0m
[0mGET /css/footer.css [33m404 [0m31.181 ms - 153[0m
[0mGET /css/home.css [33m404 [0m32.040 ms - 151[0m
[0mGET /css/chat_box.css [33m404 [0m31.492 ms - 155[0m
[0mGET /js/home_posts.js [33m404 [0m19.089 ms - 155[0m
[0mGET /js/toggle_likes.js [33m404 [0m12.686 ms - 157[0m
[0mGET /js/chat_engine.js [33m404 [0m13.745 ms - 156[0m
[0mGET /css/layout.css [33m404 [0m20.430 ms - 153[0m
[0mGET /css/header.css [33m404 [0m20.880 ms - 153[0m
[0mGET /css/footer.css [33m404 [0m24.165 ms - 153[0m
[0mGET /css/home.css [33m404 [0m24.394 ms - 151[0m
[0mGET /css/chat_box.css [33m404 [0m24.929 ms - 155[0m
[0mGET / [32m200 [0m34.695 ms - 15077[0m
[0mGET /css/layout.css [33m404 [0m20.374 ms - 153[0m
[0mGET /js/home_post_comments.js [33m404 [0m37.725 ms - 163[0m
[0mGET /css/footer.css [33m404 [0m35.867 ms - 153[0m
[0mGET /css/chat_box.css [33m404 [0m36.315 ms - 155[0m
[0mGET /css/header.css [33m404 [0m38.546 ms - 153[0m
[0mGET /css/home.css [33m404 [0m34.112 ms - 151[0m
[0mGET /js/home_posts.js [33m404 [0m30.147 ms - 155[0m
[0mGET /js/toggle_likes.js [33m404 [0m11.830 ms - 157[0m
[0mGET /js/chat_engine.js [33m404 [0m11.807 ms - 156[0m
[0mPOST /posts/create [36m302 [0m17.609 ms - 88[0m
[0mGET / [32m200 [0m34.579 ms - 16945[0m
[0mGET /css/layout.css [33m404 [0m22.181 ms - 153[0m
[0mGET /js/home_post_comments.js [33m404 [0m28.318 ms - 163[0m
[0mGET /css/header.css [33m404 [0m30.863 ms - 153[0m
[0mGET /css/footer.css [33m404 [0m31.029 ms - 153[0m
[0mGET /css/home.css [33m404 [0m38.529 ms - 151[0m
[0mGET /css/chat_box.css [33m404 [0m33.712 ms - 155[0m
[0mGET /js/home_posts.js [33m404 [0m14.456 ms - 155[0m
[0mGET /js/toggle_likes.js [33m404 [0m11.200 ms - 157[0m
[0mGET /js/chat_engine.js [33m404 [0m10.162 ms - 156[0m
[0mPOST /comments/create [36m302 [0m19.291 ms - 46[0m
[0mGET / [32m200 [0m67.373 ms - 17683[0m
[0mGET /css/layout.css [33m404 [0m21.171 ms - 153[0m
[0mGET /js/home_post_comments.js [33m404 [0m37.995 ms - 163[0m
[0mGET /css/header.css [33m404 [0m30.284 ms - 153[0m
[0mGET /css/chat_box.css [33m404 [0m29.764 ms - 155[0m
[0mGET /css/footer.css [33m404 [0m32.682 ms - 153[0m
[0mGET /css/home.css [33m404 [0m35.001 ms - 151[0m
[0mGET /js/home_posts.js [33m404 [0m28.772 ms - 155[0m
[0mGET /js/toggle_likes.js [33m404 [0m11.026 ms - 157[0m
[0mGET /js/chat_engine.js [33m404 [0m12.392 ms - 156[0m
[0mPOST /comments/create [36m302 [0m14.449 ms - 46[0m
[0mGET / [32m200 [0m36.714 ms - 18418[0m
[0mGET /css/layout.css [33m404 [0m19.495 ms - 153[0m
[0mGET /js/home_post_comments.js [33m404 [0m24.932 ms - 163[0m
[0mGET /css/header.css [33m404 [0m35.086 ms - 153[0m
[0mGET /css/footer.css [33m404 [0m36.783 ms - 153[0m
[0mGET /css/home.css [33m404 [0m38.091 ms - 151[0m
[0mGET /css/chat_box.css [33m404 [0m42.205 ms - 155[0m
[0mGET /js/home_posts.js [33m404 [0m23.092 ms - 155[0m
[0mGET /js/toggle_likes.js [33m404 [0m14.255 ms - 157[0m
[0mGET /js/chat_engine.js [33m404 [0m13.186 ms - 156[0m
[0mGET /posts/destroy/63ad73bd19ad4f21acd075c4 [36m302 [0m16.766 ms - 88[0m
[0mGET / [32m200 [0m25.128 ms - 15383[0m
[0mGET /css/layout.css [33m404 [0m18.297 ms - 153[0m
[0mGET /js/home_post_comments.js [33m404 [0m27.362 ms - 163[0m
[0mGET /css/chat_box.css [33m404 [0m31.135 ms - 155[0m
[0mGET /css/header.css [33m404 [0m30.820 ms - 153[0m
[0mGET /css/footer.css [33m404 [0m28.908 ms - 153[0m
[0mGET /css/home.css [33m404 [0m27.981 ms - 151[0m
[0mGET /js/home_posts.js [33m404 [0m21.081 ms - 155[0m
[0mGET /js/toggle_likes.js [33m404 [0m10.806 ms - 157[0m
[0mGET /js/chat_engine.js [33m404 [0m11.610 ms - 156[0m
[0mPOST /posts/create [36m302 [0m13.683 ms - 88[0m
[0mGET / [32m200 [0m30.205 ms - 16947[0m
[0mGET /css/layout.css [33m404 [0m19.718 ms - 153[0m
[0mGET /js/home_post_comments.js [33m404 [0m25.172 ms - 163[0m
[0mGET /css/header.css [33m404 [0m31.617 ms - 153[0m
[0mGET /css/footer.css [33m404 [0m32.424 ms - 153[0m
[0mGET /css/home.css [33m404 [0m36.003 ms - 151[0m
[0mGET /css/chat_box.css [33m404 [0m40.324 ms - 155[0m
[0mGET /js/home_posts.js [33m404 [0m18.049 ms - 155[0m
[0mGET /js/toggle_likes.js [33m404 [0m15.313 ms - 157[0m
[0mGET /js/chat_engine.js [33m404 [0m9.725 ms - 156[0m
[0mPOST /comments/create [36m302 [0m13.219 ms - 46[0m
[0mGET / [32m200 [0m33.040 ms - 17685[0m
[0mGET /js/home_post_comments.js [33m404 [0m28.610 ms - 163[0m
[0mGET /css/layout.css [33m404 [0m29.918 ms - 153[0m
[0mGET /css/header.css [33m404 [0m26.921 ms - 153[0m
[0mGET /css/footer.css [33m404 [0m24.853 ms - 153[0m
[0mGET /css/home.css [33m404 [0m25.590 ms - 151[0m
[0mGET /css/chat_box.css [33m404 [0m27.849 ms - 155[0m
[0mGET /js/home_posts.js [33m404 [0m15.896 ms - 155[0m
[0mGET /js/toggle_likes.js [33m404 [0m10.054 ms - 157[0m
[0mGET /js/chat_engine.js [33m404 [0m10.199 ms - 156[0m
[0mGET /users/profile [33m404 [0m4.628 ms - 152[0m
[0mGET / [32m200 [0m75.250 ms - 17423[0m
[0mGET /js/home_post_comments.js [33m404 [0m19.365 ms - 163[0m
[0mGET /js/home_posts.js [33m404 [0m15.102 ms - 155[0m
[0mGET /js/toggle_likes.js [33m404 [0m16.222 ms - 157[0m
[0mGET /js/chat_engine.js [33m404 [0m17.963 ms - 156[0m
[0mGET /users/profile/63ad739919ad4f21acd075a0 [32m200 [0m13.692 ms - 2402[0m
[0mGET /users/profile/css/layout.css [33m404 [0m7.856 ms - 167[0m
[0mGET /users/profile/css/header.css [33m404 [0m15.410 ms - 167[0m
[0mGET /users/profile/css/footer.css [33m404 [0m16.902 ms - 167[0m
[0mGET /users/profile/css/user_profile.css [33m404 [0m16.798 ms - 173[0m
[0mGET /users/profile/63ad739919ad4f21acd075a0 [36m304 [0m9.833 ms - -[0m
[0mGET /users/profile/css/layout.css [33m404 [0m22.375 ms - 167[0m
[0mGET /users/profile/css/header.css [33m404 [0m22.557 ms - 167[0m
[0mGET /users/profile/css/footer.css [33m404 [0m26.325 ms - 167[0m
[0mGET /users/profile/css/user_profile.css [33m404 [0m27.682 ms - 173[0m
[0mGET /users/profile/63ad739919ad4f21acd075a0 [36m304 [0m9.422 ms - -[0m
[0mGET /users/profile/css/layout.css [33m404 [0m6.421 ms - 167[0m
[0mGET /users/profile/css/header.css [33m404 [0m19.129 ms - 167[0m
[0mGET /users/profile/css/user_profile.css [33m404 [0m16.211 ms - 173[0m
[0mGET /users/profile/css/footer.css [33m404 [0m15.967 ms - 167[0m
[0mGET /users/profile/63ad739919ad4f21acd075a0 [36m304 [0m9.484 ms - -[0m
[0mGET /users/profile/css/layout.css [33m404 [0m18.965 ms - 167[0m
[0mGET /users/profile/css/header.css [33m404 [0m16.283 ms - 167[0m
[0mGET /users/profile/css/footer.css [33m404 [0m22.704 ms - 167[0m
[0mGET /users/profile/css/user_profile.css [33m404 [0m24.035 ms - 173[0m
[0mPOST /users/update/63ad739919ad4f21acd075a0 [36m302 [0m26.424 ms - 164[0m
[0mGET /users/profile/63ad739919ad4f21acd075a0 [32m200 [0m9.227 ms - 2405[0m
[0mGET /users/profile/css/layout.css [33m404 [0m13.265 ms - 167[0m
[0mGET /users/profile/css/header.css [33m404 [0m17.223 ms - 167[0m
[0mGET /users/profile/css/footer.css [33m404 [0m19.672 ms - 167[0m
[0mGET /users/profile/css/user_profile.css [33m404 [0m15.569 ms - 173[0m
[0mGET /users/profile/63ad739919ad4f21acd075a0 [36m304 [0m12.262 ms - -[0m
[0mGET /users/profile/css/layout.css [33m404 [0m26.169 ms - 167[0m
[0mGET /users/profile/css/header.css [33m404 [0m20.284 ms - 167[0m
[0mGET /users/profile/css/footer.css [33m404 [0m25.986 ms - 167[0m
[0mGET /users/profile/css/user_profile.css [33m404 [0m29.304 ms - 173[0m
[0mGET / [32m200 [0m40.467 ms - 17426[0m
[0mGET /css/layout.css [33m404 [0m4.827 ms - 153[0m
[0mGET /js/home_posts.js [33m404 [0m14.371 ms - 155[0m
[0mGET /js/home_post_comments.js [33m404 [0m13.358 ms - 163[0m
[0mGET /css/header.css [33m404 [0m26.093 ms - 153[0m
[0mGET /css/home.css [33m404 [0m23.581 ms - 151[0m
[0mGET /css/footer.css [33m404 [0m25.856 ms - 153[0m
[0mGET /css/chat_box.css [33m404 [0m26.854 ms - 155[0m
[0mGET /js/toggle_likes.js [33m404 [0m13.092 ms - 157[0m
[0mGET /js/chat_engine.js [33m404 [0m7.353 ms - 156[0m
[0mGET /users/sign-out [36m302 [0m6.075 ms - 46[0m
[0mGET / [32m200 [0m31.054 ms - 11679[0m
[0mGET /css/layout.css [33m404 [0m10.380 ms - 153[0m
[0mGET /js/home_post_comments.js [33m404 [0m4.690 ms - 163[0m
[0mGET /css/header.css [33m404 [0m9.786 ms - 153[0m
[0mGET /css/home.css [33m404 [0m15.708 ms - 151[0m
[0mGET /css/chat_box.css [33m404 [0m17.524 ms - 155[0m
[0mGET /css/footer.css [33m404 [0m17.632 ms - 153[0m
[0mGET /js/home_posts.js [33m404 [0m12.116 ms - 155[0m
[0mGET /js/toggle_likes.js [33m404 [0m15.892 ms - 157[0m
[0mGET /js/chat_engine.js [33m404 [0m6.341 ms - 156[0m
[0mGET / [32m200 [0m33.634 ms - 11390[0m
[0mGET /css/layout.css [33m404 [0m3.290 ms - 153[0m
[0mGET /js/home_post_comments.js [33m404 [0m6.441 ms - 163[0m
[0mGET /js/home_posts.js [33m404 [0m5.766 ms - 155[0m
[0mGET /css/chat_box.css [33m404 [0m8.745 ms - 155[0m
[0mGET /css/header.css [33m404 [0m8.906 ms - 153[0m
[0mGET /css/home.css [33m404 [0m16.421 ms - 151[0m
[0mGET /css/footer.css [33m404 [0m16.688 ms - 153[0m
[0mGET /js/toggle_likes.js [33m404 [0m4.696 ms - 157[0m
[0mGET /js/chat_engine.js [33m404 [0m4.751 ms - 156[0m
[0mGET / [36m304 [0m31.323 ms - -[0m
[0mGET /css/layout.css [33m404 [0m12.633 ms - 153[0m
[0mGET /js/home_post_comments.js [33m404 [0m9.552 ms - 163[0m
[0mGET /css/header.css [33m404 [0m17.108 ms - 153[0m
[0mGET /css/footer.css [33m404 [0m15.980 ms - 153[0m
[0mGET /css/home.css [33m404 [0m17.595 ms - 151[0m
[0mGET /css/chat_box.css [33m404 [0m20.230 ms - 155[0m
[0mGET /js/home_posts.js [33m404 [0m22.501 ms - 155[0m
[0mGET /js/toggle_likes.js [33m404 [0m7.523 ms - 157[0m
[0mGET /js/chat_engine.js [33m404 [0m8.258 ms - 156[0m
[0mGET /users/sign-in [32m200 [0m5.077 ms - 2120[0m
[0mGET /users/css/layout.css [33m404 [0m2.894 ms - 159[0m
[0mGET /users/css/header.css [33m404 [0m3.589 ms - 159[0m
[0mGET /users/css/footer.css [33m404 [0m5.187 ms - 159[0m
[0mPOST /users/create-session [36m302 [0m5.813 ms - 46[0m
[0mGET / [32m200 [0m29.406 ms - 17689[0m
[0mGET /css/layout.css [33m404 [0m7.967 ms - 153[0m
[0mGET /js/home_post_comments.js [33m404 [0m22.150 ms - 163[0m
[0mGET /js/home_posts.js [33m404 [0m21.835 ms - 155[0m
[0mGET /css/footer.css [33m404 [0m18.412 ms - 153[0m
[0mGET /css/home.css [33m404 [0m20.326 ms - 151[0m
[0mGET /css/header.css [33m404 [0m20.106 ms - 153[0m
[0mGET /css/chat_box.css [33m404 [0m15.012 ms - 155[0m
[0mGET /js/toggle_likes.js [33m404 [0m11.466 ms - 157[0m
[0mGET /js/chat_engine.js [33m404 [0m13.160 ms - 156[0m
[0mPOST /comments/create [36m302 [0m17.195 ms - 46[0m
[0mGET / [32m200 [0m60.914 ms - 18420[0m
[0mGET /css/layout.css [33m404 [0m15.630 ms - 153[0m
[0mGET /js/home_post_comments.js [33m404 [0m59.177 ms - 163[0m
[0mGET /css/footer.css [33m404 [0m58.714 ms - 153[0m
[0mGET /css/home.css [33m404 [0m59.241 ms - 151[0m
[0mGET /css/header.css [33m404 [0m58.246 ms - 153[0m
[0mGET /css/chat_box.css [33m404 [0m62.940 ms - 155[0m
[0mGET /js/home_posts.js [33m404 [0m31.364 ms - 155[0m
[0mGET /js/toggle_likes.js [33m404 [0m16.147 ms - 157[0m
[0mGET /js/chat_engine.js [33m404 [0m19.529 ms - 156[0m
[0mGET / [32m200 [0m77.948 ms - 18133[0m
[0mGET /js/home_post_comments.js [33m404 [0m17.382 ms - 163[0m
[0mGET /js/home_posts.js [33m404 [0m24.287 ms - 155[0m
[0mGET /js/toggle_likes.js [33m404 [0m25.511 ms - 157[0m
[0mGET /js/chat_engine.js [33m404 [0m29.954 ms - 156[0m
[0mPOST /comments/create [36m302 [0m42.313 ms - 46[0m
[0mGET / [32m200 [0m52.073 ms - 19155[0m
[0mGET /js/home_post_comments.js [33m404 [0m32.978 ms - 163[0m
[0mGET /css/layout.css [33m404 [0m39.697 ms - 153[0m
[0mGET /css/footer.css [33m404 [0m40.925 ms - 153[0m
[0mGET /css/home.css [33m404 [0m34.575 ms - 151[0m
[0mGET /css/header.css [33m404 [0m42.932 ms - 153[0m
[0mGET /css/chat_box.css [33m404 [0m37.650 ms - 155[0m
[0mGET /js/home_posts.js [33m404 [0m12.796 ms - 155[0m
[0mGET /js/toggle_likes.js [33m404 [0m8.848 ms - 157[0m
[0mGET /js/chat_engine.js [33m404 [0m9.989 ms - 156[0m
[0mGET / [32m200 [0m78.490 ms - 18868[0m
[0mGET /js/home_post_comments.js [33m404 [0m18.159 ms - 163[0m
[0mGET /js/home_posts.js [33m404 [0m16.297 ms - 155[0m
[0mGET /js/toggle_likes.js [33m404 [0m17.145 ms - 157[0m
[0mGET /js/chat_engine.js [33m404 [0m19.581 ms - 156[0m
[0mPOST /comments/create [36m302 [0m42.543 ms - 46[0m
[0mGET / [32m200 [0m70.507 ms - 19890[0m
[0mGET /css/layout.css [33m404 [0m17.195 ms - 153[0m
[0mGET /js/home_post_comments.js [33m404 [0m17.568 ms - 163[0m
[0mGET /css/header.css [33m404 [0m26.721 ms - 153[0m
[0mGET /css/footer.css [33m404 [0m37.321 ms - 153[0m
[0mGET /css/chat_box.css [33m404 [0m39.240 ms - 155[0m
[0mGET /css/home.css [33m404 [0m42.004 ms - 151[0m
[0mGET /js/home_posts.js [33m404 [0m13.186 ms - 155[0m
[0mGET /js/toggle_likes.js [33m404 [0m14.480 ms - 157[0m
[0mGET /js/chat_engine.js [33m404 [0m14.976 ms - 156[0m
[0mGET / [32m200 [0m77.600 ms - 19603[0m
[0mGET /js/home_post_comments.js [33m404 [0m23.441 ms - 163[0m
[0mGET /js/home_posts.js [33m404 [0m18.821 ms - 155[0m
[0mGET /js/chat_engine.js [33m404 [0m11.569 ms - 156[0m
[0mGET /js/toggle_likes.js [33m404 [0m26.526 ms - 157[0m
[0mPOST /comments/create [36m302 [0m39.420 ms - 46[0m
[0mGET / [32m200 [0m51.367 ms - 20625[0m
[0mGET /js/home_post_comments.js [33m404 [0m18.285 ms - 163[0m
[0mGET /css/layout.css [33m404 [0m16.885 ms - 153[0m
[0mGET /css/home.css [33m404 [0m23.135 ms - 151[0m
[0mGET /css/footer.css [33m404 [0m20.901 ms - 153[0m
[0mGET /css/chat_box.css [33m404 [0m32.183 ms - 155[0m
[0mGET /css/header.css [33m404 [0m34.897 ms - 153[0m
[0mGET /js/home_posts.js [33m404 [0m13.065 ms - 155[0m
[0mGET /js/toggle_likes.js [33m404 [0m14.716 ms - 157[0m
[0mGET /js/chat_engine.js [33m404 [0m15.310 ms - 156[0m
[0mPOST /comments/create [36m302 [0m20.738 ms - 46[0m
[0mGET / [32m200 [0m50.701 ms - 21360[0m
[0mGET /css/layout.css [33m404 [0m26.178 ms - 153[0m
[0mGET /css/header.css [33m404 [0m24.343 ms - 153[0m
[0mGET /js/home_post_comments.js [33m404 [0m26.122 ms - 163[0m
[0mGET /css/chat_box.css [33m404 [0m21.967 ms - 155[0m
[0mGET /css/footer.css [33m404 [0m25.767 ms - 153[0m
[0mGET /css/home.css [33m404 [0m27.660 ms - 151[0m
[0mGET /js/home_posts.js [33m404 [0m16.448 ms - 155[0m
[0mGET /js/toggle_likes.js [33m404 [0m11.295 ms - 157[0m
[0mGET /js/chat_engine.js [33m404 [0m12.154 ms - 156[0m
[0mPOST /comments/create [36m302 [0m62.268 ms - 46[0m
[0mGET / [32m200 [0m74.822 ms - 22095[0m
[0mGET /js/home_post_comments.js [33m404 [0m24.432 ms - 163[0m
[0mGET /js/home_posts.js [33m404 [0m15.186 ms - 155[0m
[0mGET /js/toggle_likes.js [33m404 [0m15.033 ms - 157[0m
[0mGET /js/chat_engine.js [33m404 [0m12.440 ms - 156[0m
